Using pre-set license
Built from '2020.3/staging' branch; Version is '2020.3.18f1 (a7d1c678663c) revision 10998214'; Using compiler version '192528614'; Build Type 'Release'
OS: 'Windows 10 Home; OS build 19043.1348; Version 2009; 64bit' Language: 'en' Physical Memory: 8133 MB
BatchMode: 1, IsHumanControllingUs: 0, StartBugReporterOnCrash: 0, Is64bit: 1, IsPro: 0

COMMAND LINE ARGUMENTS:
E:\Unity\2020.3.18f1\Editor\Unity.exe
-adb2
-batchMode
-noUpm
-name
AssetImportWorker1
-projectPath
E:/GitHub/CSG-3813-01 Game Level Design/3DGame/Tang_3DGame
-logFile
Logs/AssetImportWorker1.log
-srvPort
1175
Successfully changed project path to: E:/GitHub/CSG-3813-01 Game Level Design/3DGame/Tang_3DGame
E:/GitHub/CSG-3813-01 Game Level Design/3DGame/Tang_3DGame
Using Asset Import Pipeline V2.
Refreshing native plugins compatible for Editor in 133.99 ms, found 2 plugins.
Preloading 0 native plugins for Editor in 0.00 ms.
Initialize engine version: 2020.3.18f1 (a7d1c678663c)
[Subsystems] Discovering subsystems at path E:/Unity/2020.3.18f1/Editor/Data/Resources/UnitySubsystems
[Subsystems] Discovering subsystems at path E:/GitHub/CSG-3813-01 Game Level Design/3DGame/Tang_3DGame/Assets
GfxDevice: creating device client; threaded=0
Direct3D:
    Version:  Direct3D 11.0 [level 11.1]
    Renderer: NVIDIA GeForce GTX 1050 Ti (ID=0x1c82)
    Vendor:   
    VRAM:     4018 MB
    Driver:   30.0.14.7212
Initialize mono
Mono path[0] = 'E:/Unity/2020.3.18f1/Editor/Data/Managed'
Mono path[1] = 'E:/Unity/2020.3.18f1/Editor/Data/MonoBleedingEdge/lib/mono/unityjit'
Mono config path = 'E:/Unity/2020.3.18f1/Editor/Data/MonoBleedingEdge/etc'
Using monoOptions --debugger-agent=transport=dt_socket,embedding=1,server=y,suspend=n,address=127.0.0.1:56460
Begin MonoManager ReloadAssembly
Registering precompiled unity dll's ...
Register platform support module: E:/Unity/2020.3.18f1/Editor/Data/PlaybackEngines/WebGLSupport/UnityEditor.WebGL.Extensions.dll
Register platform support module: E:/Unity/2020.3.18f1/Editor/Data/PlaybackEngines/WindowsStandaloneSupport/UnityEditor.WindowsStandalone.Extensions.dll
Registered in 0.002109 seconds.
Native extension for WindowsStandalone target not found
Native extension for WebGL target not found
Refreshing native plugins compatible for Editor in 97.60 ms, found 2 plugins.
Preloading 0 native plugins for Editor in 0.00 ms.
Mono: successfully reloaded assembly
- Completed reload, in  1.294 seconds
Domain Reload Profiling:
	ReloadAssembly (1294ms)
		BeginReloadAssembly (65ms)
			ExecutionOrderSort (0ms)
			DisableScriptedObjects (0ms)
			BackupInstance (0ms)
			ReleaseScriptingObjects (0ms)
			CreateAndSetChildDomain (1ms)
		EndReloadAssembly (625ms)
			LoadAssemblies (65ms)
			RebuildTransferFunctionScriptingTraits (0ms)
			SetupTypeCache (237ms)
			ReleaseScriptCaches (0ms)
			RebuildScriptCaches (39ms)
			SetupLoadedEditorAssemblies (265ms)
				LogAssemblyErrors (0ms)
				InitializePlatformSupportModulesInManaged (7ms)
				SetLoadedEditorAssemblies (0ms)
				RefreshPlugins (98ms)
				BeforeProcessingInitializeOnLoad (21ms)
				ProcessInitializeOnLoadAttributes (108ms)
				ProcessInitializeOnLoadMethodAttributes (32ms)
				AfterProcessingInitializeOnLoad (0ms)
				EditorAssembliesLoaded (0ms)
			ExecutionOrderSort2 (0ms)
			AwakeInstancesAfterBackupRestoration (0ms)
Platform modules already initialized, skipping
Registering precompiled user dll's ...
Registered in 0.003612 seconds.
Begin MonoManager ReloadAssembly
Native extension for WindowsStandalone target not found
Native extension for WebGL target not found
Refreshing native plugins compatible for Editor in 118.97 ms, found 2 plugins.
Preloading 0 native plugins for Editor in 0.00 ms.
Mono: successfully reloaded assembly
- Completed reload, in  2.256 seconds
Domain Reload Profiling:
	ReloadAssembly (2258ms)
		BeginReloadAssembly (272ms)
			ExecutionOrderSort (0ms)
			DisableScriptedObjects (8ms)
			BackupInstance (0ms)
			ReleaseScriptingObjects (0ms)
			CreateAndSetChildDomain (33ms)
		EndReloadAssembly (1875ms)
			LoadAssemblies (180ms)
			RebuildTransferFunctionScriptingTraits (0ms)
			SetupTypeCache (618ms)
			ReleaseScriptCaches (1ms)
			RebuildScriptCaches (109ms)
			SetupLoadedEditorAssemblies (757ms)
				LogAssemblyErrors (0ms)
				InitializePlatformSupportModulesInManaged (7ms)
				SetLoadedEditorAssemblies (0ms)
				RefreshPlugins (119ms)
				BeforeProcessingInitializeOnLoad (160ms)
				ProcessInitializeOnLoadAttributes (458ms)
				ProcessInitializeOnLoadMethodAttributes (9ms)
				AfterProcessingInitializeOnLoad (3ms)
				EditorAssembliesLoaded (0ms)
			ExecutionOrderSort2 (0ms)
			AwakeInstancesAfterBackupRestoration (8ms)
Platform modules already initialized, skipping
========================================================================
Worker process is ready to serve import requests
Launched and connected shader compiler UnityShaderCompiler.exe after 0.14 seconds
Refreshing native plugins compatible for Editor in 1.15 ms, found 2 plugins.
Preloading 0 native plugins for Editor in 0.00 ms.
Unloading 3561 Unused Serialized files (Serialized files now loaded: 0)
System memory in use before: 160.1 MB.
System memory in use after: 160.3 MB.

Unloading 20 unused Assets to reduce memory usage. Loaded Objects now: 4010.
Total: 6.667100 ms (FindLiveObjects: 1.581200 ms CreateObjectMapping: 0.376400 ms MarkObjects: 4.585300 ms  DeleteObjects: 0.122700 ms)

AssetImportParameters requested are different than current active one (requested -> active):
  custom:framework-win-MediaFoundation: 216162199b28c13a410421893ffa2e32 -> 
  custom:video-decoder-ogg-theora: a1e56fd34408186e4bbccfd4996cb3dc -> 
  custom:container-muxer-webm: aa71ff27fc2769a1b78a27578f13a17b -> 
  custom:container-demuxer-webm: 4f35f7cbe854078d1ac9338744f61a02 -> 
  custom:container-demuxer-ogg: 62fdf1f143b41e24485cea50d1cbac27 -> 
  custom:video-encoder-webm-vp8: eb34c28f22e8b96e1ab97ce403110664 -> 
  custom:video-decoder-webm-vp8: 9c59270c3fd7afecdb556c50c9e8de78 -> 
  custom:audio-decoder-ogg-vorbis: bf7c407c2cedff20999df2af8eb42d56 -> 
  custom:audio-encoder-webm-vorbis: bf7c407c2cedff20999df2af8eb42d56 -> 
========================================================================
Received Import Request.
  path: Assets/Greybox Prefabs
  artifactKey: Guid(cc2e071f2aaeee846ad32361708aab51) Importer(815301076,1909f56bfc062723c751e8b465ee728b)
Start importing Assets/Greybox Prefabs using Guid(cc2e071f2aaeee846ad32361708aab51) Importer(815301076,1909f56bfc062723c751e8b465ee728b)  -> (artifact id: '93c8bdd9aa5225fc6f8996c326acbbb2') in 0.071578 seconds 
  Import took 0.123058 seconds .

========================================================================
Received Prepare
Registering precompiled user dll's ...
Registered in 0.038979 seconds.
Begin MonoManager ReloadAssembly
Native extension for WindowsStandalone target not found
Native extension for WebGL target not found
Refreshing native plugins compatible for Editor in 1.09 ms, found 2 plugins.
Preloading 0 native plugins for Editor in 0.00 ms.
Mono: successfully reloaded assembly
- Completed reload, in  1.894 seconds
Domain Reload Profiling:
	ReloadAssembly (1894ms)
		BeginReloadAssembly (211ms)
			ExecutionOrderSort (0ms)
			DisableScriptedObjects (7ms)
			BackupInstance (0ms)
			ReleaseScriptingObjects (0ms)
			CreateAndSetChildDomain (59ms)
		EndReloadAssembly (1587ms)
			LoadAssemblies (166ms)
			RebuildTransferFunctionScriptingTraits (0ms)
			SetupTypeCache (633ms)
			ReleaseScriptCaches (2ms)
			RebuildScriptCaches (77ms)
			SetupLoadedEditorAssemblies (544ms)
				LogAssemblyErrors (0ms)
				InitializePlatformSupportModulesInManaged (8ms)
				SetLoadedEditorAssemblies (1ms)
				RefreshPlugins (1ms)
				BeforeProcessingInitializeOnLoad (158ms)
				ProcessInitializeOnLoadAttributes (364ms)
				ProcessInitializeOnLoadMethodAttributes (8ms)
				AfterProcessingInitializeOnLoad (4ms)
				EditorAssembliesLoaded (0ms)
			ExecutionOrderSort2 (0ms)
			AwakeInstancesAfterBackupRestoration (15ms)
Platform modules already initialized, skipping
Refreshing native plugins compatible for Editor in 0.72 ms, found 2 plugins.
Preloading 0 native plugins for Editor in 0.00 ms.
Unloading 3424 Unused Serialized files (Serialized files now loaded: 0)
System memory in use before: 150.4 MB.
System memory in use after: 150.7 MB.

Unloading 13 unused Assets to reduce memory usage. Loaded Objects now: 4012.
Total: 3.916100 ms (FindLiveObjects: 0.355000 ms CreateObjectMapping: 0.197200 ms MarkObjects: 3.322000 ms  DeleteObjects: 0.041100 ms)

AssetImportParameters requested are different than current active one (requested -> active):
  custom:framework-win-MediaFoundation: 216162199b28c13a410421893ffa2e32 -> 
  custom:video-decoder-ogg-theora: a1e56fd34408186e4bbccfd4996cb3dc -> 
  custom:container-muxer-webm: aa71ff27fc2769a1b78a27578f13a17b -> 
  custom:container-demuxer-webm: 4f35f7cbe854078d1ac9338744f61a02 -> 
  custom:container-demuxer-ogg: 62fdf1f143b41e24485cea50d1cbac27 -> 
  custom:video-encoder-webm-vp8: eb34c28f22e8b96e1ab97ce403110664 -> 
  custom:video-decoder-webm-vp8: 9c59270c3fd7afecdb556c50c9e8de78 -> 
  custom:audio-decoder-ogg-vorbis: bf7c407c2cedff20999df2af8eb42d56 -> 
  custom:audio-encoder-webm-vorbis: bf7c407c2cedff20999df2af8eb42d56 -> 
========================================================================
Received Prepare
Registering precompiled user dll's ...
Registered in 0.003809 seconds.
Begin MonoManager ReloadAssembly
Native extension for WindowsStandalone target not found
Native extension for WebGL target not found
Refreshing native plugins compatible for Editor in 0.88 ms, found 2 plugins.
Preloading 0 native plugins for Editor in 0.00 ms.
Mono: successfully reloaded assembly
- Completed reload, in  1.376 seconds
Domain Reload Profiling:
	ReloadAssembly (1376ms)
		BeginReloadAssembly (151ms)
			ExecutionOrderSort (0ms)
			DisableScriptedObjects (6ms)
			BackupInstance (0ms)
			ReleaseScriptingObjects (0ms)
			CreateAndSetChildDomain (42ms)
		EndReloadAssembly (1155ms)
			LoadAssemblies (118ms)
			RebuildTransferFunctionScriptingTraits (0ms)
			SetupTypeCache (437ms)
			ReleaseScriptCaches (2ms)
			RebuildScriptCaches (53ms)
			SetupLoadedEditorAssemblies (420ms)
				LogAssemblyErrors (0ms)
				InitializePlatformSupportModulesInManaged (5ms)
				SetLoadedEditorAssemblies (1ms)
				RefreshPlugins (1ms)
				BeforeProcessingInitializeOnLoad (103ms)
				ProcessInitializeOnLoadAttributes (299ms)
				ProcessInitializeOnLoadMethodAttributes (7ms)
				AfterProcessingInitializeOnLoad (3ms)
				EditorAssembliesLoaded (0ms)
			ExecutionOrderSort2 (0ms)
			AwakeInstancesAfterBackupRestoration (11ms)
Platform modules already initialized, skipping
Refreshing native plugins compatible for Editor in 0.83 ms, found 2 plugins.
Preloading 0 native plugins for Editor in 0.00 ms.
Unloading 3424 Unused Serialized files (Serialized files now loaded: 0)
System memory in use before: 150.5 MB.
System memory in use after: 150.7 MB.

Unloading 13 unused Assets to reduce memory usage. Loaded Objects now: 4014.
Total: 4.771000 ms (FindLiveObjects: 0.418800 ms CreateObjectMapping: 0.181800 ms MarkObjects: 4.093800 ms  DeleteObjects: 0.075400 ms)

AssetImportParameters requested are different than current active one (requested -> active):
  custom:framework-win-MediaFoundation: 216162199b28c13a410421893ffa2e32 -> 
  custom:video-decoder-ogg-theora: a1e56fd34408186e4bbccfd4996cb3dc -> 
  custom:container-muxer-webm: aa71ff27fc2769a1b78a27578f13a17b -> 
  custom:container-demuxer-webm: 4f35f7cbe854078d1ac9338744f61a02 -> 
  custom:container-demuxer-ogg: 62fdf1f143b41e24485cea50d1cbac27 -> 
  custom:video-encoder-webm-vp8: eb34c28f22e8b96e1ab97ce403110664 -> 
  custom:video-decoder-webm-vp8: 9c59270c3fd7afecdb556c50c9e8de78 -> 
  custom:audio-decoder-ogg-vorbis: bf7c407c2cedff20999df2af8eb42d56 -> 
  custom:audio-encoder-webm-vorbis: bf7c407c2cedff20999df2af8eb42d56 -> 
========================================================================
Received Prepare
Registering precompiled user dll's ...
Registered in 0.003496 seconds.
Begin MonoManager ReloadAssembly
Native extension for WindowsStandalone target not found
Native extension for WebGL target not found
Refreshing native plugins compatible for Editor in 0.73 ms, found 2 plugins.
Preloading 0 native plugins for Editor in 0.00 ms.
Mono: successfully reloaded assembly
- Completed reload, in  1.354 seconds
Domain Reload Profiling:
	ReloadAssembly (1354ms)
		BeginReloadAssembly (124ms)
			ExecutionOrderSort (0ms)
			DisableScriptedObjects (7ms)
			BackupInstance (0ms)
			ReleaseScriptingObjects (0ms)
			CreateAndSetChildDomain (44ms)
		EndReloadAssembly (1157ms)
			LoadAssemblies (109ms)
			RebuildTransferFunctionScriptingTraits (0ms)
			SetupTypeCache (443ms)
			ReleaseScriptCaches (1ms)
			RebuildScriptCaches (53ms)
			SetupLoadedEditorAssemblies (418ms)
				LogAssemblyErrors (0ms)
				InitializePlatformSupportModulesInManaged (5ms)
				SetLoadedEditorAssemblies (0ms)
				RefreshPlugins (1ms)
				BeforeProcessingInitializeOnLoad (103ms)
				ProcessInitializeOnLoadAttributes (299ms)
				ProcessInitializeOnLoadMethodAttributes (7ms)
				AfterProcessingInitializeOnLoad (2ms)
				EditorAssembliesLoaded (0ms)
			ExecutionOrderSort2 (0ms)
			AwakeInstancesAfterBackupRestoration (11ms)
Platform modules already initialized, skipping
Refreshing native plugins compatible for Editor in 0.72 ms, found 2 plugins.
Preloading 0 native plugins for Editor in 0.00 ms.
Unloading 3424 Unused Serialized files (Serialized files now loaded: 0)
System memory in use before: 150.5 MB.
System memory in use after: 150.8 MB.

Unloading 13 unused Assets to reduce memory usage. Loaded Objects now: 4016.
Total: 6.792700 ms (FindLiveObjects: 0.505400 ms CreateObjectMapping: 0.373400 ms MarkObjects: 5.845400 ms  DeleteObjects: 0.067100 ms)

AssetImportParameters requested are different than current active one (requested -> active):
  custom:framework-win-MediaFoundation: 216162199b28c13a410421893ffa2e32 -> 
  custom:video-decoder-ogg-theora: a1e56fd34408186e4bbccfd4996cb3dc -> 
  custom:container-muxer-webm: aa71ff27fc2769a1b78a27578f13a17b -> 
  custom:container-demuxer-webm: 4f35f7cbe854078d1ac9338744f61a02 -> 
  custom:container-demuxer-ogg: 62fdf1f143b41e24485cea50d1cbac27 -> 
  custom:video-encoder-webm-vp8: eb34c28f22e8b96e1ab97ce403110664 -> 
  custom:video-decoder-webm-vp8: 9c59270c3fd7afecdb556c50c9e8de78 -> 
  custom:audio-decoder-ogg-vorbis: bf7c407c2cedff20999df2af8eb42d56 -> 
  custom:audio-encoder-webm-vorbis: bf7c407c2cedff20999df2af8eb42d56 -> 
========================================================================
Received Prepare
Registering precompiled user dll's ...
Registered in 0.101971 seconds.
Begin MonoManager ReloadAssembly
Native extension for WindowsStandalone target not found
Native extension for WebGL target not found
Refreshing native plugins compatible for Editor in 0.69 ms, found 2 plugins.
Preloading 0 native plugins for Editor in 0.00 ms.
Mono: successfully reloaded assembly
- Completed reload, in  4.701 seconds
Domain Reload Profiling:
	ReloadAssembly (4702ms)
		BeginReloadAssembly (180ms)
			ExecutionOrderSort (0ms)
			DisableScriptedObjects (5ms)
			BackupInstance (0ms)
			ReleaseScriptingObjects (0ms)
			CreateAndSetChildDomain (47ms)
		EndReloadAssembly (4453ms)
			LoadAssemblies (3297ms)
			RebuildTransferFunctionScriptingTraits (0ms)
			SetupTypeCache (425ms)
			ReleaseScriptCaches (1ms)
			RebuildScriptCaches (53ms)
			SetupLoadedEditorAssemblies (427ms)
				LogAssemblyErrors (0ms)
				InitializePlatformSupportModulesInManaged (5ms)
				SetLoadedEditorAssemblies (0ms)
				RefreshPlugins (1ms)
				BeforeProcessingInitializeOnLoad (102ms)
				ProcessInitializeOnLoadAttributes (309ms)
				ProcessInitializeOnLoadMethodAttributes (7ms)
				AfterProcessingInitializeOnLoad (3ms)
				EditorAssembliesLoaded (0ms)
			ExecutionOrderSort2 (0ms)
			AwakeInstancesAfterBackupRestoration (12ms)
Platform modules already initialized, skipping
Refreshing native plugins compatible for Editor in 0.75 ms, found 2 plugins.
Preloading 0 native plugins for Editor in 0.00 ms.
Unloading 3424 Unused Serialized files (Serialized files now loaded: 0)
System memory in use before: 150.5 MB.
System memory in use after: 150.8 MB.

Unloading 13 unused Assets to reduce memory usage. Loaded Objects now: 4018.
Total: 5.148200 ms (FindLiveObjects: 0.302100 ms CreateObjectMapping: 0.160500 ms MarkObjects: 4.657300 ms  DeleteObjects: 0.026900 ms)

AssetImportParameters requested are different than current active one (requested -> active):
  custom:framework-win-MediaFoundation: 216162199b28c13a410421893ffa2e32 -> 
  custom:video-decoder-ogg-theora: a1e56fd34408186e4bbccfd4996cb3dc -> 
  custom:container-muxer-webm: aa71ff27fc2769a1b78a27578f13a17b -> 
  custom:container-demuxer-webm: 4f35f7cbe854078d1ac9338744f61a02 -> 
  custom:container-demuxer-ogg: 62fdf1f143b41e24485cea50d1cbac27 -> 
  custom:video-encoder-webm-vp8: eb34c28f22e8b96e1ab97ce403110664 -> 
  custom:video-decoder-webm-vp8: 9c59270c3fd7afecdb556c50c9e8de78 -> 
  custom:audio-decoder-ogg-vorbis: bf7c407c2cedff20999df2af8eb42d56 -> 
  custom:audio-encoder-webm-vorbis: bf7c407c2cedff20999df2af8eb42d56 -> 
========================================================================
Received Import Request.
  Time since last request: 836.381374 seconds.
  path: Assets/Imported Assets/Medieval Props Asset Pack/Meshes/TanningRack.fbx
  artifactKey: Guid(4ec590e5195aa4ee0a6f036eaa60e0bc) Importer(815301076,1909f56bfc062723c751e8b465ee728b)
Start importing Assets/Imported Assets/Medieval Props Asset Pack/Meshes/TanningRack.fbx using Guid(4ec590e5195aa4ee0a6f036eaa60e0bc) Importer(815301076,1909f56bfc062723c751e8b465ee728b)  -> (artifact id: '8e91c6490cc58dda3047c4fed21a1d84') in 1.786421 seconds 
  Import took 1.832612 seconds .

========================================================================
Received Import Request.
  Time since last request: 0.000362 seconds.
  path: Assets/Imported Assets/Medieval Props Asset Pack/Meshes/Smithtool2.fbx
  artifactKey: Guid(e8926867d186848e69580caec97334f1) Importer(815301076,1909f56bfc062723c751e8b465ee728b)
Start importing Assets/Imported Assets/Medieval Props Asset Pack/Meshes/Smithtool2.fbx using Guid(e8926867d186848e69580caec97334f1) Importer(815301076,1909f56bfc062723c751e8b465ee728b)  -> (artifact id: '324e0e0f72a3fe566f49d0dda5fd259e') in 0.128677 seconds 
  Import took 0.171409 seconds .

========================================================================
Received Import Request.
  Time since last request: 0.000295 seconds.
  path: Assets/Imported Assets/Medieval Props Asset Pack/Meshes/Smithtool3.fbx
  artifactKey: Guid(8541df7278eed4c7b80551c4a381e42c) Importer(815301076,1909f56bfc062723c751e8b465ee728b)
Start importing Assets/Imported Assets/Medieval Props Asset Pack/Meshes/Smithtool3.fbx using Guid(8541df7278eed4c7b80551c4a381e42c) Importer(815301076,1909f56bfc062723c751e8b465ee728b)  -> (artifact id: 'b8582403aca7515aeece3931ce66c090') in 0.091415 seconds 
  Import took 0.143750 seconds .

========================================================================
Received Import Request.
  Time since last request: 0.000311 seconds.
  path: Assets/Imported Assets/Medieval Props Asset Pack/Meshes/Smithtool1.fbx
  artifactKey: Guid(2b3e421407a144844a6f74ffef536842) Importer(815301076,1909f56bfc062723c751e8b465ee728b)
Start importing Assets/Imported Assets/Medieval Props Asset Pack/Meshes/Smithtool1.fbx using Guid(2b3e421407a144844a6f74ffef536842) Importer(815301076,1909f56bfc062723c751e8b465ee728b)  -> (artifact id: '1895370d4866b2810f253633953c0d35') in 0.146663 seconds 
  Import took 0.179432 seconds .

========================================================================
Received Import Request.
  Time since last request: 21.841215 seconds.
  path: Assets/Imported Assets/Medieval Props Asset Pack/Meshes/Roundstool.fbx
  artifactKey: Guid(5038fe8b2dd9e42cb84dcf2bff7c7efb) Importer(815301076,1909f56bfc062723c751e8b465ee728b)
Start importing Assets/Imported Assets/Medieval Props Asset Pack/Meshes/Roundstool.fbx using Guid(5038fe8b2dd9e42cb84dcf2bff7c7efb) Importer(815301076,1909f56bfc062723c751e8b465ee728b)  -> (artifact id: 'b080dfaa8e1647d70fef93dab258bb51') in 0.138721 seconds 
  Import took 0.223608 seconds .

========================================================================
Received Import Request.
  Time since last request: 0.000307 seconds.
  path: Assets/Imported Assets/JulienNoelAssets/Medfan_BarrelsAndBoxes/Models/SquareBox.FBX
  artifactKey: Guid(062003e0c36d0794d903f147437baa37) Importer(815301076,1909f56bfc062723c751e8b465ee728b)
Start importing Assets/Imported Assets/JulienNoelAssets/Medfan_BarrelsAndBoxes/Models/SquareBox.FBX using Guid(062003e0c36d0794d903f147437baa37) Importer(815301076,1909f56bfc062723c751e8b465ee728b)  -> (artifact id: '44739ec0a5f9c054fde7c81981afc616') in 0.903996 seconds 
  Import took 0.945548 seconds .

========================================================================
Received Import Request.
  Time since last request: 0.177216 seconds.
  path: Assets/Imported Assets/Medieval Props Asset Pack/Meshes/UtilityRope.fbx
  artifactKey: Guid(47fb4bc200f7f49c195a02f5b1294f6c) Importer(815301076,1909f56bfc062723c751e8b465ee728b)
Start importing Assets/Imported Assets/Medieval Props Asset Pack/Meshes/UtilityRope.fbx using Guid(47fb4bc200f7f49c195a02f5b1294f6c) Importer(815301076,1909f56bfc062723c751e8b465ee728b)  -> (artifact id: '8c1af7a805ffb09b0e53627f4ce33542') in 1.866488 seconds 
  Import took 1.929280 seconds .

========================================================================
Received Import Request.
  Time since last request: 0.000416 seconds.
  path: Assets/Imported Assets/Medieval Props Asset Pack/Meshes/Plate.fbx
  artifactKey: Guid(82fa950e23caa4a7e8811262f3304462) Importer(815301076,1909f56bfc062723c751e8b465ee728b)
Start importing Assets/Imported Assets/Medieval Props Asset Pack/Meshes/Plate.fbx using Guid(82fa950e23caa4a7e8811262f3304462) Importer(815301076,1909f56bfc062723c751e8b465ee728b)  -> (artifact id: '2636ce6d644a17fec8c2da12ef7b3854') in 0.198001 seconds 
  Import took 0.257791 seconds .

========================================================================
Received Import Request.
  Time since last request: 0.000272 seconds.
  path: Assets/Imported Assets/Medieval Props Asset Pack/Meshes/Forgeshovel.fbx
  artifactKey: Guid(a4f6b3214f83a4c16a909a420afe8417) Importer(815301076,1909f56bfc062723c751e8b465ee728b)
Start importing Assets/Imported Assets/Medieval Props Asset Pack/Meshes/Forgeshovel.fbx using Guid(a4f6b3214f83a4c16a909a420afe8417) Importer(815301076,1909f56bfc062723c751e8b465ee728b)  -> (artifact id: 'e84d11b59055ccb5e218783d95c8ef59') in 0.162703 seconds 
  Import took 0.219755 seconds .

========================================================================
Received Import Request.
  Time since last request: 0.000293 seconds.
  path: Assets/Imported Assets/JulienNoelAssets/Medfan_BarrelsAndBoxes/Models/Barrel_01.FBX
  artifactKey: Guid(060d000557fda73428e416006e69e7c8) Importer(815301076,1909f56bfc062723c751e8b465ee728b)
Start importing Assets/Imported Assets/JulienNoelAssets/Medfan_BarrelsAndBoxes/Models/Barrel_01.FBX using Guid(060d000557fda73428e416006e69e7c8) Importer(815301076,1909f56bfc062723c751e8b465ee728b)  -> (artifact id: '2acd1338a9c8f6082cc25afdb4707876') in 0.718169 seconds 
  Import took 0.767760 seconds .

========================================================================
Received Import Request.
  Time since last request: 0.000288 seconds.
  path: Assets/Imported Assets/Medieval Props Asset Pack/Meshes/PoorTable.fbx
  artifactKey: Guid(dd40f3ef649864d6781a9e380104f4c4) Importer(815301076,1909f56bfc062723c751e8b465ee728b)
Start importing Assets/Imported Assets/Medieval Props Asset Pack/Meshes/PoorTable.fbx using Guid(dd40f3ef649864d6781a9e380104f4c4) Importer(815301076,1909f56bfc062723c751e8b465ee728b)  -> (artifact id: '27539a3b077cf5c6280a0040451f91f4') in 0.075627 seconds 
  Import took 0.105061 seconds .

========================================================================
Received Import Request.
  Time since last request: 0.000237 seconds.
  path: Assets/Imported Assets/Medieval Props Asset Pack/Meshes/Horseshoe.fbx
  artifactKey: Guid(9a124dcd93b884a9db0eb2fb05f7daa1) Importer(815301076,1909f56bfc062723c751e8b465ee728b)
Start importing Assets/Imported Assets/Medieval Props Asset Pack/Meshes/Horseshoe.fbx using Guid(9a124dcd93b884a9db0eb2fb05f7daa1) Importer(815301076,1909f56bfc062723c751e8b465ee728b)  -> (artifact id: '6267914b61ed978ee9f2165976ae6b5f') in 0.133735 seconds 
  Import took 0.161249 seconds .

========================================================================
Received Import Request.
  Time since last request: 0.000334 seconds.
  path: Assets/Imported Assets/Medieval Props Asset Pack/Meshes/RopeSlackLength.fbx
  artifactKey: Guid(8aa06f4866ff8464881f6b883011bc11) Importer(815301076,1909f56bfc062723c751e8b465ee728b)
Start importing Assets/Imported Assets/Medieval Props Asset Pack/Meshes/RopeSlackLength.fbx using Guid(8aa06f4866ff8464881f6b883011bc11) Importer(815301076,1909f56bfc062723c751e8b465ee728b)  -> (artifact id: 'b1a8e05a8f0fdf44b92bbfd5f21ec02a') in 0.125098 seconds 
  Import took 0.162609 seconds .

========================================================================
Received Import Request.
  Time since last request: 0.000285 seconds.
  path: Assets/Imported Assets/Medieval Props Asset Pack/Meshes/ChizelTool.fbx
  artifactKey: Guid(4d0d8a6b422e0451b8d9b928f7e3faab) Importer(815301076,1909f56bfc062723c751e8b465ee728b)
Start importing Assets/Imported Assets/Medieval Props Asset Pack/Meshes/ChizelTool.fbx using Guid(4d0d8a6b422e0451b8d9b928f7e3faab) Importer(815301076,1909f56bfc062723c751e8b465ee728b)  -> (artifact id: '0f74ce461488c17e363a77844c4eda09') in 0.100438 seconds 
  Import took 0.132539 seconds .

========================================================================
Received Import Request.
  Time since last request: 0.000276 seconds.
  path: Assets/Imported Assets/JulienNoelAssets/Medfan_BarrelsAndBoxes/Models/Barrel_Col.FBX
  artifactKey: Guid(55263d143399bff4e914ff995f4e256d) Importer(815301076,1909f56bfc062723c751e8b465ee728b)
Start importing Assets/Imported Assets/JulienNoelAssets/Medfan_BarrelsAndBoxes/Models/Barrel_Col.FBX using Guid(55263d143399bff4e914ff995f4e256d) Importer(815301076,1909f56bfc062723c751e8b465ee728b)  -> (artifact id: '0cb1d65c6da3e0a8a0e1c7ee1bb4a2e5') in 0.084592 seconds 
  Import took 0.113513 seconds .

========================================================================
Received Import Request.
  Time since last request: 0.000274 seconds.
  path: Assets/Imported Assets/Medieval Props Asset Pack/Meshes/Bowl.fbx
  artifactKey: Guid(dcb98e7159d9841ed9bff3ca1643a0a9) Importer(815301076,1909f56bfc062723c751e8b465ee728b)
Start importing Assets/Imported Assets/Medieval Props Asset Pack/Meshes/Bowl.fbx using Guid(dcb98e7159d9841ed9bff3ca1643a0a9) Importer(815301076,1909f56bfc062723c751e8b465ee728b)  -> (artifact id: '4cc1ee1b4db2cfdd1f04d6c396b27145') in 0.071574 seconds 
  Import took 0.098792 seconds .

========================================================================
Received Import Request.
  Time since last request: 0.000479 seconds.
  path: Assets/Imported Assets/Medieval Props Asset Pack/Meshes/CubeCrate.fbx
  artifactKey: Guid(56f2f647e78b04dc8a3c973ed87e3eaa) Importer(815301076,1909f56bfc062723c751e8b465ee728b)
Start importing Assets/Imported Assets/Medieval Props Asset Pack/Meshes/CubeCrate.fbx using Guid(56f2f647e78b04dc8a3c973ed87e3eaa) Importer(815301076,1909f56bfc062723c751e8b465ee728b)  -> (artifact id: '9ee7ed7c8c1eff7c653a71153761b1df') in 0.172812 seconds 
  Import took 0.216017 seconds .

========================================================================
Received Import Request.
  Time since last request: 0.000457 seconds.
  path: Assets/Imported Assets/JulienNoelAssets/Medfan_BarrelsAndBoxes/Models/Barrel_02.FBX
  artifactKey: Guid(48d3eceda9bb2e54cbb191e01fb0d6b9) Importer(815301076,1909f56bfc062723c751e8b465ee728b)
Start importing Assets/Imported Assets/JulienNoelAssets/Medfan_BarrelsAndBoxes/Models/Barrel_02.FBX using Guid(48d3eceda9bb2e54cbb191e01fb0d6b9) Importer(815301076,1909f56bfc062723c751e8b465ee728b)  -> (artifact id: 'f59e47b880bcdeb0fd0d009fd4a05436') in 0.169705 seconds 
  Import took 0.205825 seconds .

========================================================================
Received Import Request.
  Time since last request: 0.000396 seconds.
  path: Assets/Imported Assets/Medieval Props Asset Pack/Meshes/SmallStool.fbx
  artifactKey: Guid(78cf0cde188d04c03a0861b14f9fe8d2) Importer(815301076,1909f56bfc062723c751e8b465ee728b)
Start importing Assets/Imported Assets/Medieval Props Asset Pack/Meshes/SmallStool.fbx using Guid(78cf0cde188d04c03a0861b14f9fe8d2) Importer(815301076,1909f56bfc062723c751e8b465ee728b)  -> (artifact id: '9e747a0617bcf8ec38b20458534e1237') in 0.042402 seconds 
  Import took 0.072315 seconds .

========================================================================
Received Import Request.
  Time since last request: 0.000416 seconds.
  path: Assets/Imported Assets/Medieval Props Asset Pack/Meshes/Anvil1.fbx
  artifactKey: Guid(5536a9d968ee14450b397bf7e3adcffd) Importer(815301076,1909f56bfc062723c751e8b465ee728b)
Start importing Assets/Imported Assets/Medieval Props Asset Pack/Meshes/Anvil1.fbx using Guid(5536a9d968ee14450b397bf7e3adcffd) Importer(815301076,1909f56bfc062723c751e8b465ee728b)  -> (artifact id: '25d01c93ef3336d3ea2cd96d5021ebe4') in 0.075156 seconds 
  Import took 0.091050 seconds .

========================================================================
Received Import Request.
  Time since last request: 0.000404 seconds.
  path: Assets/Imported Assets/Medieval Props Asset Pack/Meshes/Cup.fbx
  artifactKey: Guid(d872a539bf6404639a077ff8752123ba) Importer(815301076,1909f56bfc062723c751e8b465ee728b)
Start importing Assets/Imported Assets/Medieval Props Asset Pack/Meshes/Cup.fbx using Guid(d872a539bf6404639a077ff8752123ba) Importer(815301076,1909f56bfc062723c751e8b465ee728b)  -> (artifact id: '85bc4241cc19d2a2ec0f68a1916879d1') in 0.066588 seconds 
  Import took 0.112057 seconds .

========================================================================
Received Import Request.
  Time since last request: 0.000409 seconds.
  path: Assets/Imported Assets/Medieval Props Asset Pack/Meshes/WoodenPost.fbx
  artifactKey: Guid(b06be7a34cac94e8d83f234e310acf91) Importer(815301076,1909f56bfc062723c751e8b465ee728b)
Start importing Assets/Imported Assets/Medieval Props Asset Pack/Meshes/WoodenPost.fbx using Guid(b06be7a34cac94e8d83f234e310acf91) Importer(815301076,1909f56bfc062723c751e8b465ee728b)  -> (artifact id: 'a2bb4dd03c06dea025b7c311cec6dfe0') in 0.120774 seconds 
  Import took 0.152082 seconds .

========================================================================
Received Import Request.
  Time since last request: 0.000466 seconds.
  path: Assets/Imported Assets/StarterAssets/Environment/Art/Models/Ramp_100x100x200_Mesh.fbx
  artifactKey: Guid(bfff06aaff363a847ad37bf592364e6b) Importer(815301076,1909f56bfc062723c751e8b465ee728b)
Start importing Assets/Imported Assets/StarterAssets/Environment/Art/Models/Ramp_100x100x200_Mesh.fbx using Guid(bfff06aaff363a847ad37bf592364e6b) Importer(815301076,1909f56bfc062723c751e8b465ee728b)  -> (artifact id: 'be1037f59c4832839c4061a56f05e21c') in 0.106132 seconds 
  Import took 0.127105 seconds .

========================================================================
Received Import Request.
  Time since last request: 0.000384 seconds.
  path: Assets/Imported Assets/JulienNoelAssets/Medfan_BarrelsAndBoxes/Models/RectBox.FBX
  artifactKey: Guid(02f8651daf665e94ca321ce4cd4f4277) Importer(815301076,1909f56bfc062723c751e8b465ee728b)
Start importing Assets/Imported Assets/JulienNoelAssets/Medfan_BarrelsAndBoxes/Models/RectBox.FBX using Guid(02f8651daf665e94ca321ce4cd4f4277) Importer(815301076,1909f56bfc062723c751e8b465ee728b)  -> (artifact id: '2d278d42c994168c12142cb9c5c3b241') in 0.086756 seconds 
  Import took 0.150289 seconds .

========================================================================
Received Import Request.
  Time since last request: 0.000338 seconds.
  path: Assets/Imported Assets/Medieval Props Asset Pack/Meshes/AwlTool.fbx
  artifactKey: Guid(4dded4373aff843a1b3b1d8ef942583c) Importer(815301076,1909f56bfc062723c751e8b465ee728b)
Start importing Assets/Imported Assets/Medieval Props Asset Pack/Meshes/AwlTool.fbx using Guid(4dded4373aff843a1b3b1d8ef942583c) Importer(815301076,1909f56bfc062723c751e8b465ee728b)  -> (artifact id: 'bebf9d231a7ce68d771116592b55857c') in 0.121529 seconds 
  Import took 0.128806 seconds .

========================================================================
Received Import Request.
  Time since last request: 0.000373 seconds.
  path: Assets/Imported Assets/Medieval Props Asset Pack/Meshes/AnvilStand2.fbx
  artifactKey: Guid(1ecd5e578836d44a98df875c71c4adf0) Importer(815301076,1909f56bfc062723c751e8b465ee728b)
Start importing Assets/Imported Assets/Medieval Props Asset Pack/Meshes/AnvilStand2.fbx using Guid(1ecd5e578836d44a98df875c71c4adf0) Importer(815301076,1909f56bfc062723c751e8b465ee728b)  -> (artifact id: '6e23141beacc8cd4e4caab63009a07af') in 0.048542 seconds 
  Import took 0.069007 seconds .

========================================================================
Received Prepare
Registering precompiled user dll's ...
Registered in 0.085789 seconds.
Begin MonoManager ReloadAssembly
Native extension for WindowsStandalone target not found
Native extension for WebGL target not found
Refreshing native plugins compatible for Editor in 1.18 ms, found 2 plugins.
Preloading 0 native plugins for Editor in 0.00 ms.
Mono: successfully reloaded assembly
- Completed reload, in  3.299 seconds
Domain Reload Profiling:
	ReloadAssembly (3300ms)
		BeginReloadAssembly (157ms)
			ExecutionOrderSort (0ms)
			DisableScriptedObjects (9ms)
			BackupInstance (0ms)
			ReleaseScriptingObjects (0ms)
			CreateAndSetChildDomain (47ms)
		EndReloadAssembly (3078ms)
			LoadAssemblies (1009ms)
			RebuildTransferFunctionScriptingTraits (0ms)
			SetupTypeCache (637ms)
			ReleaseScriptCaches (2ms)
			RebuildScriptCaches (77ms)
			SetupLoadedEditorAssemblies (868ms)
				LogAssemblyErrors (0ms)
				InitializePlatformSupportModulesInManaged (9ms)
				SetLoadedEditorAssemblies (1ms)
				RefreshPlugins (1ms)
				BeforeProcessingInitializeOnLoad (187ms)
				ProcessInitializeOnLoadAttributes (656ms)
				ProcessInitializeOnLoadMethodAttributes (11ms)
				AfterProcessingInitializeOnLoad (3ms)
				EditorAssembliesLoaded (0ms)
			ExecutionOrderSort2 (0ms)
			AwakeInstancesAfterBackupRestoration (27ms)
Platform modules already initialized, skipping
Refreshing native plugins compatible for Editor in 1.09 ms, found 2 plugins.
Preloading 0 native plugins for Editor in 0.00 ms.
Unloading 3424 Unused Serialized files (Serialized files now loaded: 0)
System memory in use before: 156.3 MB.
System memory in use after: 156.5 MB.

Unloading 13 unused Assets to reduce memory usage. Loaded Objects now: 4101.
Total: 6.561300 ms (FindLiveObjects: 0.469700 ms CreateObjectMapping: 0.354100 ms MarkObjects: 5.714600 ms  DeleteObjects: 0.021400 ms)

AssetImportParameters requested are different than current active one (requested -> active):
  custom:framework-win-MediaFoundation: 216162199b28c13a410421893ffa2e32 -> 
  custom:video-decoder-ogg-theora: a1e56fd34408186e4bbccfd4996cb3dc -> 
  custom:container-muxer-webm: aa71ff27fc2769a1b78a27578f13a17b -> 
  custom:container-demuxer-webm: 4f35f7cbe854078d1ac9338744f61a02 -> 
  custom:container-demuxer-ogg: 62fdf1f143b41e24485cea50d1cbac27 -> 
  custom:video-encoder-webm-vp8: eb34c28f22e8b96e1ab97ce403110664 -> 
  custom:video-decoder-webm-vp8: 9c59270c3fd7afecdb556c50c9e8de78 -> 
  custom:audio-decoder-ogg-vorbis: bf7c407c2cedff20999df2af8eb42d56 -> 
  custom:audio-encoder-webm-vorbis: bf7c407c2cedff20999df2af8eb42d56 -> 
AssetImportWorkerClient::OnTransportError - code=2 error=End of file
