Using pre-set license
Built from '2020.3/staging' branch; Version is '2020.3.18f1 (a7d1c678663c) revision 10998214'; Using compiler version '192528614'; Build Type 'Release'
OS: 'Windows 10 Home; OS build 19043.1237; Version 2009; 64bit' Language: 'en' Physical Memory: 8133 MB
BatchMode: 1, IsHumanControllingUs: 0, StartBugReporterOnCrash: 0, Is64bit: 1, IsPro: 0

COMMAND LINE ARGUMENTS:
E:\Unity\2020.3.18f1\Editor\Unity.exe
-adb2
-batchMode
-noUpm
-name
AssetImportWorker0
-projectPath
E:/GitHub/CSG-3813-01 Game Level Design/3DGame/Tang_3DGame
-logFile
Logs/AssetImportWorker0.log
-srvPort
1044
Successfully changed project path to: E:/GitHub/CSG-3813-01 Game Level Design/3DGame/Tang_3DGame
E:/GitHub/CSG-3813-01 Game Level Design/3DGame/Tang_3DGame
Using Asset Import Pipeline V2.
Refreshing native plugins compatible for Editor in 72.40 ms, found 2 plugins.
Preloading 0 native plugins for Editor in 0.00 ms.
Initialize engine version: 2020.3.18f1 (a7d1c678663c)
[Subsystems] Discovering subsystems at path E:/Unity/2020.3.18f1/Editor/Data/Resources/UnitySubsystems
[Subsystems] Discovering subsystems at path E:/GitHub/CSG-3813-01 Game Level Design/3DGame/Tang_3DGame/Assets
GfxDevice: creating device client; threaded=0
Direct3D:
    Version:  Direct3D 11.0 [level 11.1]
    Renderer: NVIDIA GeForce GTX 1050 Ti (ID=0x1c82)
    Vendor:   
    VRAM:     4018 MB
    Driver:   30.0.14.7212
Initialize mono
Mono path[0] = 'E:/Unity/2020.3.18f1/Editor/Data/Managed'
Mono path[1] = 'E:/Unity/2020.3.18f1/Editor/Data/MonoBleedingEdge/lib/mono/unityjit'
Mono config path = 'E:/Unity/2020.3.18f1/Editor/Data/MonoBleedingEdge/etc'
Using monoOptions --debugger-agent=transport=dt_socket,embedding=1,server=y,suspend=n,address=127.0.0.1:56900
Begin MonoManager ReloadAssembly
Registering precompiled unity dll's ...
Register platform support module: E:/Unity/2020.3.18f1/Editor/Data/PlaybackEngines/WebGLSupport/UnityEditor.WebGL.Extensions.dll
Register platform support module: E:/Unity/2020.3.18f1/Editor/Data/PlaybackEngines/WindowsStandaloneSupport/UnityEditor.WindowsStandalone.Extensions.dll
Registered in 0.001502 seconds.
Native extension for WindowsStandalone target not found
Native extension for WebGL target not found
Refreshing native plugins compatible for Editor in 68.11 ms, found 2 plugins.
Preloading 0 native plugins for Editor in 0.00 ms.
Mono: successfully reloaded assembly
- Completed reload, in  1.237 seconds
Domain Reload Profiling:
	ReloadAssembly (1237ms)
		BeginReloadAssembly (64ms)
			ExecutionOrderSort (0ms)
			DisableScriptedObjects (0ms)
			BackupInstance (0ms)
			ReleaseScriptingObjects (0ms)
			CreateAndSetChildDomain (1ms)
		EndReloadAssembly (547ms)
			LoadAssemblies (64ms)
			RebuildTransferFunctionScriptingTraits (0ms)
			SetupTypeCache (194ms)
			ReleaseScriptCaches (0ms)
			RebuildScriptCaches (40ms)
			SetupLoadedEditorAssemblies (228ms)
				LogAssemblyErrors (0ms)
				InitializePlatformSupportModulesInManaged (5ms)
				SetLoadedEditorAssemblies (0ms)
				RefreshPlugins (68ms)
				BeforeProcessingInitializeOnLoad (20ms)
				ProcessInitializeOnLoadAttributes (99ms)
				ProcessInitializeOnLoadMethodAttributes (34ms)
				AfterProcessingInitializeOnLoad (0ms)
				EditorAssembliesLoaded (0ms)
			ExecutionOrderSort2 (0ms)
			AwakeInstancesAfterBackupRestoration (0ms)
Platform modules already initialized, skipping
Registering precompiled user dll's ...
Registered in 0.003010 seconds.
Begin MonoManager ReloadAssembly
Native extension for WindowsStandalone target not found
Native extension for WebGL target not found
Refreshing native plugins compatible for Editor in 71.01 ms, found 2 plugins.
Preloading 0 native plugins for Editor in 0.00 ms.
Mono: successfully reloaded assembly
- Completed reload, in  1.448 seconds
Domain Reload Profiling:
	ReloadAssembly (1449ms)
		BeginReloadAssembly (177ms)
			ExecutionOrderSort (0ms)
			DisableScriptedObjects (6ms)
			BackupInstance (0ms)
			ReleaseScriptingObjects (0ms)
			CreateAndSetChildDomain (23ms)
		EndReloadAssembly (1203ms)
			LoadAssemblies (115ms)
			RebuildTransferFunctionScriptingTraits (0ms)
			SetupTypeCache (415ms)
			ReleaseScriptCaches (1ms)
			RebuildScriptCaches (64ms)
			SetupLoadedEditorAssemblies (453ms)
				LogAssemblyErrors (0ms)
				InitializePlatformSupportModulesInManaged (6ms)
				SetLoadedEditorAssemblies (0ms)
				RefreshPlugins (71ms)
				BeforeProcessingInitializeOnLoad (108ms)
				ProcessInitializeOnLoadAttributes (261ms)
				ProcessInitializeOnLoadMethodAttributes (4ms)
				AfterProcessingInitializeOnLoad (3ms)
				EditorAssembliesLoaded (0ms)
			ExecutionOrderSort2 (0ms)
			AwakeInstancesAfterBackupRestoration (8ms)
Platform modules already initialized, skipping
========================================================================
Worker process is ready to serve import requests
Launched and connected shader compiler UnityShaderCompiler.exe after 0.12 seconds
Refreshing native plugins compatible for Editor in 0.65 ms, found 2 plugins.
Preloading 0 native plugins for Editor in 0.00 ms.
Unloading 3093 Unused Serialized files (Serialized files now loaded: 0)
System memory in use before: 138.6 MB.
System memory in use after: 138.8 MB.

Unloading 18 unused Assets to reduce memory usage. Loaded Objects now: 3529.
Total: 62.460600 ms (FindLiveObjects: 0.347400 ms CreateObjectMapping: 0.188200 ms MarkObjects: 61.796200 ms  DeleteObjects: 0.126800 ms)

AssetImportParameters requested are different than current active one (requested -> active):
  custom:framework-win-MediaFoundation: 216162199b28c13a410421893ffa2e32 -> 
  custom:video-decoder-ogg-theora: a1e56fd34408186e4bbccfd4996cb3dc -> 
  custom:container-muxer-webm: aa71ff27fc2769a1b78a27578f13a17b -> 
  custom:container-demuxer-webm: 4f35f7cbe854078d1ac9338744f61a02 -> 
  custom:container-demuxer-ogg: 62fdf1f143b41e24485cea50d1cbac27 -> 
  custom:video-encoder-webm-vp8: eb34c28f22e8b96e1ab97ce403110664 -> 
  custom:video-decoder-webm-vp8: 9c59270c3fd7afecdb556c50c9e8de78 -> 
  custom:audio-decoder-ogg-vorbis: bf7c407c2cedff20999df2af8eb42d56 -> 
  custom:audio-encoder-webm-vorbis: bf7c407c2cedff20999df2af8eb42d56 -> 
========================================================================
Received Import Request.
  path: Assets/Readme.asset
  artifactKey: Guid(83c2ed844a8c74b779a4c823d16594b1) Importer(815301076,1909f56bfc062723c751e8b465ee728b)
Start importing Assets/Readme.asset using Guid(83c2ed844a8c74b779a4c823d16594b1) Importer(815301076,1909f56bfc062723c751e8b465ee728b)  -> (artifact id: '7c3b9f17ff219922461d349995487975') in 0.112187 seconds 
  Import took 0.137465 seconds .

========================================================================
Received Import Request.
  Time since last request: 8.426043 seconds.
  path: Assets/Scenes
  artifactKey: Guid(74480d94284f7c44e9890b607adf5d03) Importer(815301076,1909f56bfc062723c751e8b465ee728b)
Start importing Assets/Scenes using Guid(74480d94284f7c44e9890b607adf5d03) Importer(815301076,1909f56bfc062723c751e8b465ee728b)  -> (artifact id: '75997403b1bf72f3589b114b4340a9de') in 0.008543 seconds 
  Import took 0.013766 seconds .

========================================================================
Received Import Request.
  Time since last request: 0.087547 seconds.
  path: Assets/Scenes
  artifactKey: Guid(74480d94284f7c44e9890b607adf5d03) Importer(815301076,1909f56bfc062723c751e8b465ee728b)
Start importing Assets/Scenes using Guid(74480d94284f7c44e9890b607adf5d03) Importer(815301076,1909f56bfc062723c751e8b465ee728b)  -> (artifact id: '75997403b1bf72f3589b114b4340a9de') in 0.002339 seconds 
  Import took 0.008918 seconds .

========================================================================
Received Import Request.
  Time since last request: 1.224139 seconds.
  path: Assets/Scenes/Greybox.unity
  artifactKey: Guid(d9912b44fa31bdc44bf0c309f01c06c1) Importer(815301076,1909f56bfc062723c751e8b465ee728b)
Start importing Assets/Scenes/Greybox.unity using Guid(d9912b44fa31bdc44bf0c309f01c06c1) Importer(815301076,1909f56bfc062723c751e8b465ee728b)  -> (artifact id: '86130eb428d4f337ae2441a92dbb1f03') in 0.011810 seconds 
  Import took 0.018005 seconds .

========================================================================
Received Import Request.
  Time since last request: 33.009257 seconds.
  path: Assets/Presets
  artifactKey: Guid(558255460b74ec04fa70b5570e9327bd) Importer(815301076,1909f56bfc062723c751e8b465ee728b)
Start importing Assets/Presets using Guid(558255460b74ec04fa70b5570e9327bd) Importer(815301076,1909f56bfc062723c751e8b465ee728b)  -> (artifact id: '99e4144fdf7d1a139d389fda8ba1dbbd') in 0.013132 seconds 
  Import took 0.020748 seconds .

========================================================================
Received Import Request.
  Time since last request: 0.360437 seconds.
  path: Assets/Prefabs
  artifactKey: Guid(cc2e071f2aaeee846ad32361708aab51) Importer(815301076,1909f56bfc062723c751e8b465ee728b)
Start importing Assets/Prefabs using Guid(cc2e071f2aaeee846ad32361708aab51) Importer(815301076,1909f56bfc062723c751e8b465ee728b)  -> (artifact id: '4d17a44c4b5c184d4ea6a161d7134df3') in 0.008808 seconds 
  Import took 0.017193 seconds .

========================================================================
Received Import Request.
  Time since last request: 0.646878 seconds.
  path: Assets/Prefabs/Walls
  artifactKey: Guid(95e562f876ba134498a506cdf2a49c8b) Importer(815301076,1909f56bfc062723c751e8b465ee728b)
Start importing Assets/Prefabs/Walls using Guid(95e562f876ba134498a506cdf2a49c8b) Importer(815301076,1909f56bfc062723c751e8b465ee728b)  -> (artifact id: 'e5f951d15736a86d26bb82644034ecae') in 0.008204 seconds 
  Import took 0.014876 seconds .

========================================================================
Received Import Request.
  Time since last request: 0.038862 seconds.
  path: Assets/Prefabs/Walls/Wall-01.prefab
  artifactKey: Guid(c8e6a4ce4dabf1843b6a3c1bd20d9b9e) Importer(815301076,1909f56bfc062723c751e8b465ee728b)
Start importing Assets/Prefabs/Walls/Wall-01.prefab using Guid(c8e6a4ce4dabf1843b6a3c1bd20d9b9e) Importer(815301076,1909f56bfc062723c751e8b465ee728b)  -> (artifact id: 'b12f58f6600c7fb3c491b125d38ee24a') in 0.052275 seconds 
  Import took 0.058200 seconds .

========================================================================
Received Import Request.
  Time since last request: 0.000374 seconds.
  path: Assets/Prefabs/Walls/Wall-03.prefab
  artifactKey: Guid(d8734fccedf146c48a752fd4a2795667) Importer(815301076,1909f56bfc062723c751e8b465ee728b)
Start importing Assets/Prefabs/Walls/Wall-03.prefab using Guid(d8734fccedf146c48a752fd4a2795667) Importer(815301076,1909f56bfc062723c751e8b465ee728b)  -> (artifact id: '1d252d82c15a3e461b08009751d4bd5b') in 0.015709 seconds 
  Import took 0.021091 seconds .

========================================================================
Received Import Request.
  Time since last request: 0.000528 seconds.
  path: Assets/Prefabs/Walls/Wall-02.prefab
  artifactKey: Guid(c3b9f3fc414e06d4292edbc21670da5d) Importer(815301076,1909f56bfc062723c751e8b465ee728b)
Start importing Assets/Prefabs/Walls/Wall-02.prefab using Guid(c3b9f3fc414e06d4292edbc21670da5d) Importer(815301076,1909f56bfc062723c751e8b465ee728b)  -> (artifact id: 'e82e8795deefca868bc7dcd1a8720b57') in 0.083779 seconds 
  Import took 0.103996 seconds .

========================================================================
Received Import Request.
  Time since last request: 169.965644 seconds.
  path: Assets/Prefabs/Walls/Floor.prefab
  artifactKey: Guid(26e41c33f06b38e44aa84f8231c73b24) Importer(815301076,1909f56bfc062723c751e8b465ee728b)
Start importing Assets/Prefabs/Walls/Floor.prefab using Guid(26e41c33f06b38e44aa84f8231c73b24) Importer(815301076,1909f56bfc062723c751e8b465ee728b)  -> (artifact id: '48aac4450ba232c4c6b2943fd5026d96') in 0.011056 seconds 
  Import took 0.018361 seconds .

========================================================================
Received Import Request.
  Time since last request: 0.010679 seconds.
  path: Assets/Prefabs/Walls/Floor.prefab
  artifactKey: Guid(26e41c33f06b38e44aa84f8231c73b24) Importer(815301076,1909f56bfc062723c751e8b465ee728b)
Start importing Assets/Prefabs/Walls/Floor.prefab using Guid(26e41c33f06b38e44aa84f8231c73b24) Importer(815301076,1909f56bfc062723c751e8b465ee728b)  -> (artifact id: '48aac4450ba232c4c6b2943fd5026d96') in 0.006176 seconds 
  Import took 0.014344 seconds .

========================================================================
Received Import Request.
  Time since last request: 97.664266 seconds.
  path: Assets/Prefabs/Walls/Floor 1.prefab
  artifactKey: Guid(84a1eb3bec4bc1348b2d0e814a3fa805) Importer(815301076,1909f56bfc062723c751e8b465ee728b)
Start importing Assets/Prefabs/Walls/Floor 1.prefab using Guid(84a1eb3bec4bc1348b2d0e814a3fa805) Importer(815301076,1909f56bfc062723c751e8b465ee728b)  -> (artifact id: 'dbfd7fba2abb91f66e6411b15ebe050f') in 0.013393 seconds 
  Import took 0.020297 seconds .

========================================================================
Received Import Request.
  Time since last request: 0.008404 seconds.
  path: Assets/Prefabs/Walls/Floor 1.prefab
  artifactKey: Guid(84a1eb3bec4bc1348b2d0e814a3fa805) Importer(815301076,1909f56bfc062723c751e8b465ee728b)
Start importing Assets/Prefabs/Walls/Floor 1.prefab using Guid(84a1eb3bec4bc1348b2d0e814a3fa805) Importer(815301076,1909f56bfc062723c751e8b465ee728b)  -> (artifact id: 'dbfd7fba2abb91f66e6411b15ebe050f') in 0.006354 seconds 
  Import took 0.012953 seconds .

========================================================================
Received Import Request.
  Time since last request: 7.247923 seconds.
  path: Assets/Prefabs/Walls/Wall-01.prefab
  artifactKey: Guid(84a1eb3bec4bc1348b2d0e814a3fa805) Importer(815301076,1909f56bfc062723c751e8b465ee728b)
Start importing Assets/Prefabs/Walls/Wall-01.prefab using Guid(84a1eb3bec4bc1348b2d0e814a3fa805) Importer(815301076,1909f56bfc062723c751e8b465ee728b)  -> (artifact id: '0fb7d187947dd3b35691ce51941a942e') in 0.006796 seconds 
  Import took 0.013328 seconds .

========================================================================
Received Import Request.
  Time since last request: 0.004675 seconds.
  path: Assets/Prefabs/Walls/Wall-01.prefab
  artifactKey: Guid(84a1eb3bec4bc1348b2d0e814a3fa805) Importer(815301076,1909f56bfc062723c751e8b465ee728b)
Start importing Assets/Prefabs/Walls/Wall-01.prefab using Guid(84a1eb3bec4bc1348b2d0e814a3fa805) Importer(815301076,1909f56bfc062723c751e8b465ee728b)  -> (artifact id: '0fb7d187947dd3b35691ce51941a942e') in 0.006203 seconds 
  Import took 0.011772 seconds .

========================================================================
Received Import Request.
  Time since last request: 6.336903 seconds.
  path: Assets/Prefabs/Walls/Floor-01.prefab
  artifactKey: Guid(26e41c33f06b38e44aa84f8231c73b24) Importer(815301076,1909f56bfc062723c751e8b465ee728b)
Start importing Assets/Prefabs/Walls/Floor-01.prefab using Guid(26e41c33f06b38e44aa84f8231c73b24) Importer(815301076,1909f56bfc062723c751e8b465ee728b)  -> (artifact id: 'fb133c1352ed0d29f17bc9d9f2b18b82') in 0.011451 seconds 
  Import took 0.019810 seconds .

========================================================================
Received Import Request.
  Time since last request: 0.007089 seconds.
  path: Assets/Prefabs/Walls/Floor-01.prefab
  artifactKey: Guid(26e41c33f06b38e44aa84f8231c73b24) Importer(815301076,1909f56bfc062723c751e8b465ee728b)
Start importing Assets/Prefabs/Walls/Floor-01.prefab using Guid(26e41c33f06b38e44aa84f8231c73b24) Importer(815301076,1909f56bfc062723c751e8b465ee728b)  -> (artifact id: 'fb133c1352ed0d29f17bc9d9f2b18b82') in 0.008508 seconds 
  Import took 0.014589 seconds .

========================================================================
Received Import Request.
  Time since last request: 17.807045 seconds.
  path: Assets/Prefabs/Floor
  artifactKey: Guid(6103fa5192c5d1344957ab23f8d108f5) Importer(815301076,1909f56bfc062723c751e8b465ee728b)
Start importing Assets/Prefabs/Floor using Guid(6103fa5192c5d1344957ab23f8d108f5) Importer(815301076,1909f56bfc062723c751e8b465ee728b)  -> (artifact id: 'aeb5112e18975634a5d9b5802907d2a9') in 0.003218 seconds 
  Import took 0.010894 seconds .

========================================================================
Received Import Request.
  Time since last request: 214.895192 seconds.
  path: Assets/Prefabs/Walls/Wall-1Side.prefab
  artifactKey: Guid(84a1eb3bec4bc1348b2d0e814a3fa805) Importer(815301076,1909f56bfc062723c751e8b465ee728b)
Start importing Assets/Prefabs/Walls/Wall-1Side.prefab using Guid(84a1eb3bec4bc1348b2d0e814a3fa805) Importer(815301076,1909f56bfc062723c751e8b465ee728b)  -> (artifact id: '0c813a76e9a6409ddaa5509cd6d87ca2') in 0.010371 seconds 
  Import took 0.019290 seconds .

========================================================================
Received Import Request.
  Time since last request: 0.001882 seconds.
  path: Assets/Prefabs/Walls/Wall-1Side.prefab
  artifactKey: Guid(84a1eb3bec4bc1348b2d0e814a3fa805) Importer(815301076,1909f56bfc062723c751e8b465ee728b)
Start importing Assets/Prefabs/Walls/Wall-1Side.prefab using Guid(84a1eb3bec4bc1348b2d0e814a3fa805) Importer(815301076,1909f56bfc062723c751e8b465ee728b)  -> (artifact id: '0c813a76e9a6409ddaa5509cd6d87ca2') in 0.015561 seconds 
  Import took 0.022678 seconds .

========================================================================
Received Import Request.
  Time since last request: 26.439550 seconds.
  path: Assets/Prefabs/Walls/Wall-Corner.prefab
  artifactKey: Guid(f1e7c576d839edf4fbf27b8dce022ee1) Importer(815301076,1909f56bfc062723c751e8b465ee728b)
Start importing Assets/Prefabs/Walls/Wall-Corner.prefab using Guid(f1e7c576d839edf4fbf27b8dce022ee1) Importer(815301076,1909f56bfc062723c751e8b465ee728b)  -> (artifact id: 'd9a8e0ca33a0d9d0ed5b7627689f3be5') in 0.012951 seconds 
  Import took 0.020475 seconds .

========================================================================
Received Import Request.
  Time since last request: 0.010326 seconds.
  path: Assets/Prefabs/Walls/Wall-Corner.prefab
  artifactKey: Guid(f1e7c576d839edf4fbf27b8dce022ee1) Importer(815301076,1909f56bfc062723c751e8b465ee728b)
Start importing Assets/Prefabs/Walls/Wall-Corner.prefab using Guid(f1e7c576d839edf4fbf27b8dce022ee1) Importer(815301076,1909f56bfc062723c751e8b465ee728b)  -> (artifact id: 'd9a8e0ca33a0d9d0ed5b7627689f3be5') in 0.006648 seconds 
  Import took 0.013889 seconds .

========================================================================
Received Import Request.
  Time since last request: 1474.991684 seconds.
  path: Assets/Prefabs/Walls/Wall-Doorway.prefab
  artifactKey: Guid(91c9d940e7e5d0c479b54542eada9b30) Importer(815301076,1909f56bfc062723c751e8b465ee728b)
Start importing Assets/Prefabs/Walls/Wall-Doorway.prefab using Guid(91c9d940e7e5d0c479b54542eada9b30) Importer(815301076,1909f56bfc062723c751e8b465ee728b)  -> (artifact id: 'bb8dfca81de8b2c3d4d2b1fae846d53b') in 0.010548 seconds 
  Import took 0.016435 seconds .

========================================================================
Received Import Request.
  Time since last request: 0.012197 seconds.
  path: Assets/Prefabs/Walls/Wall-Doorway.prefab
  artifactKey: Guid(91c9d940e7e5d0c479b54542eada9b30) Importer(815301076,1909f56bfc062723c751e8b465ee728b)
Start importing Assets/Prefabs/Walls/Wall-Doorway.prefab using Guid(91c9d940e7e5d0c479b54542eada9b30) Importer(815301076,1909f56bfc062723c751e8b465ee728b)  -> (artifact id: 'bb8dfca81de8b2c3d4d2b1fae846d53b') in 0.021534 seconds 
  Import took 0.027680 seconds .

========================================================================
Received Import Request.
  Time since last request: 361.135678 seconds.
  path: Assets/Prefabs/Walls/Wall-Corner.prefab
  artifactKey: Guid(f1e7c576d839edf4fbf27b8dce022ee1) Importer(815301076,1909f56bfc062723c751e8b465ee728b)
Start importing Assets/Prefabs/Walls/Wall-Corner.prefab using Guid(f1e7c576d839edf4fbf27b8dce022ee1) Importer(815301076,1909f56bfc062723c751e8b465ee728b)  -> (artifact id: 'a989e71179ecd98101bfa5dff92939f4') in 0.007132 seconds 
  Import took 0.016273 seconds .

========================================================================
Received Import Request.
  Time since last request: 3.109046 seconds.
  path: Assets/Prefabs/Walls/Wall-1Side.prefab
  artifactKey: Guid(84a1eb3bec4bc1348b2d0e814a3fa805) Importer(815301076,1909f56bfc062723c751e8b465ee728b)
Start importing Assets/Prefabs/Walls/Wall-1Side.prefab using Guid(84a1eb3bec4bc1348b2d0e814a3fa805) Importer(815301076,1909f56bfc062723c751e8b465ee728b)  -> (artifact id: 'd5705196b9e66c5c39db86cfa9d91281') in 0.005363 seconds 
  Import took 0.012231 seconds .

========================================================================
Received Import Request.
  Time since last request: 2.937833 seconds.
  path: Assets/Prefabs/Walls/Wall-Doorway.prefab
  artifactKey: Guid(91c9d940e7e5d0c479b54542eada9b30) Importer(815301076,1909f56bfc062723c751e8b465ee728b)
Start importing Assets/Prefabs/Walls/Wall-Doorway.prefab using Guid(91c9d940e7e5d0c479b54542eada9b30) Importer(815301076,1909f56bfc062723c751e8b465ee728b)  -> (artifact id: 'd48c4f20bd38671af8e73a510e574c76') in 0.007185 seconds 
  Import took 0.013256 seconds .

========================================================================
Received Import Request.
  Time since last request: 37.878380 seconds.
  path: Assets/Prefabs/Walls/Wall-1Side.prefab
  artifactKey: Guid(84a1eb3bec4bc1348b2d0e814a3fa805) Importer(815301076,1909f56bfc062723c751e8b465ee728b)
Start importing Assets/Prefabs/Walls/Wall-1Side.prefab using Guid(84a1eb3bec4bc1348b2d0e814a3fa805) Importer(815301076,1909f56bfc062723c751e8b465ee728b)  -> (artifact id: '4b3fc15edb1454ad380c96ab7af1093e') in 0.005473 seconds 
  Import took 0.011915 seconds .

========================================================================
Received Import Request.
  Time since last request: 1680.848030 seconds.
  path: Assets/Prefabs/Floor/Ramp-01.prefab
  artifactKey: Guid(b450395e1bd404e4384273763dc6090e) Importer(815301076,1909f56bfc062723c751e8b465ee728b)
Start importing Assets/Prefabs/Floor/Ramp-01.prefab using Guid(b450395e1bd404e4384273763dc6090e) Importer(815301076,1909f56bfc062723c751e8b465ee728b)  -> (artifact id: '2bf20ac5d505dc76a7b9a52a48f1541f') in 0.010684 seconds 
  Import took 0.016237 seconds .

========================================================================
Received Import Request.
  Time since last request: 0.010851 seconds.
  path: Assets/Prefabs/Floor/Ramp-01.prefab
  artifactKey: Guid(b450395e1bd404e4384273763dc6090e) Importer(815301076,1909f56bfc062723c751e8b465ee728b)
Start importing Assets/Prefabs/Floor/Ramp-01.prefab using Guid(b450395e1bd404e4384273763dc6090e) Importer(815301076,1909f56bfc062723c751e8b465ee728b)  -> (artifact id: '2bf20ac5d505dc76a7b9a52a48f1541f') in 0.004806 seconds 
  Import took 0.010245 seconds .

========================================================================
Received Import Request.
  Time since last request: 354.174940 seconds.
  path: Assets/Prefabs/Floor/Ramp-02.prefab
  artifactKey: Guid(2a276a76c11784748bcd0f911f1d8860) Importer(815301076,1909f56bfc062723c751e8b465ee728b)
Start importing Assets/Prefabs/Floor/Ramp-02.prefab using Guid(2a276a76c11784748bcd0f911f1d8860) Importer(815301076,1909f56bfc062723c751e8b465ee728b)  -> (artifact id: '52a435c07180e2144bbe725c75619600') in 0.011047 seconds 
  Import took 0.016417 seconds .

========================================================================
Received Import Request.
  Time since last request: 0.011637 seconds.
  path: Assets/Prefabs/Floor/Ramp-02.prefab
  artifactKey: Guid(2a276a76c11784748bcd0f911f1d8860) Importer(815301076,1909f56bfc062723c751e8b465ee728b)
Start importing Assets/Prefabs/Floor/Ramp-02.prefab using Guid(2a276a76c11784748bcd0f911f1d8860) Importer(815301076,1909f56bfc062723c751e8b465ee728b)  -> (artifact id: '52a435c07180e2144bbe725c75619600') in 0.005341 seconds 
  Import took 0.010702 seconds .

========================================================================
Received Import Request.
  Time since last request: 162.975220 seconds.
  path: Assets/Prefabs/Floor/Ramp-02.prefab
  artifactKey: Guid(2a276a76c11784748bcd0f911f1d8860) Importer(815301076,1909f56bfc062723c751e8b465ee728b)
Start importing Assets/Prefabs/Floor/Ramp-02.prefab using Guid(2a276a76c11784748bcd0f911f1d8860) Importer(815301076,1909f56bfc062723c751e8b465ee728b)  -> (artifact id: '09be374a473a879822417456468ca247') in 0.005748 seconds 
  Import took 0.012689 seconds .

========================================================================
Received Import Request.
  Time since last request: 383.036240 seconds.
  path: Assets/Prefabs/Obsticals
  artifactKey: Guid(2fe4bd72fc62d714cb4276fba959ad0a) Importer(815301076,1909f56bfc062723c751e8b465ee728b)
Start importing Assets/Prefabs/Obsticals using Guid(2fe4bd72fc62d714cb4276fba959ad0a) Importer(815301076,1909f56bfc062723c751e8b465ee728b)  -> (artifact id: 'b1811fad6bb2074372af6897c0227355') in 0.007007 seconds 
  Import took 0.012627 seconds .

========================================================================
Received Import Request.
  Time since last request: 11.718347 seconds.
  path: Assets/Prefabs/Obsticals/Pillar-01.prefab
  artifactKey: Guid(67767e8fa7e4a3245b1b387266289391) Importer(815301076,1909f56bfc062723c751e8b465ee728b)
Start importing Assets/Prefabs/Obsticals/Pillar-01.prefab using Guid(67767e8fa7e4a3245b1b387266289391) Importer(815301076,1909f56bfc062723c751e8b465ee728b)  -> (artifact id: '5d6e10ed38e41554ba534aa9d44323aa') in 0.010374 seconds 
  Import took 0.016100 seconds .

========================================================================
Received Import Request.
  Time since last request: 0.014461 seconds.
  path: Assets/Prefabs/Obsticals/Pillar-01.prefab
  artifactKey: Guid(67767e8fa7e4a3245b1b387266289391) Importer(815301076,1909f56bfc062723c751e8b465ee728b)
Start importing Assets/Prefabs/Obsticals/Pillar-01.prefab using Guid(67767e8fa7e4a3245b1b387266289391) Importer(815301076,1909f56bfc062723c751e8b465ee728b)  -> (artifact id: '5d6e10ed38e41554ba534aa9d44323aa') in 0.005116 seconds 
  Import took 0.010951 seconds .

========================================================================
Received Import Request.
  Time since last request: 61.561468 seconds.
  path: Assets/Prefabs/Floor/Ramp-03.prefab
  artifactKey: Guid(351dbe7214deb97439d994408b9087d6) Importer(815301076,1909f56bfc062723c751e8b465ee728b)
Start importing Assets/Prefabs/Floor/Ramp-03.prefab using Guid(351dbe7214deb97439d994408b9087d6) Importer(815301076,1909f56bfc062723c751e8b465ee728b)  -> (artifact id: '5519e53c0b4c8ed9a014f87fc2208d21') in 0.010191 seconds 
  Import took 0.016098 seconds .

========================================================================
Received Import Request.
  Time since last request: 0.011314 seconds.
  path: Assets/Prefabs/Floor/Ramp-03.prefab
  artifactKey: Guid(351dbe7214deb97439d994408b9087d6) Importer(815301076,1909f56bfc062723c751e8b465ee728b)
Start importing Assets/Prefabs/Floor/Ramp-03.prefab using Guid(351dbe7214deb97439d994408b9087d6) Importer(815301076,1909f56bfc062723c751e8b465ee728b)  -> (artifact id: '5519e53c0b4c8ed9a014f87fc2208d21') in 0.005229 seconds 
  Import took 0.010604 seconds .

========================================================================
Received Import Request.
  Time since last request: 162.900955 seconds.
  path: Assets/Prefabs/Obsticals/Pillar-01.prefab
  artifactKey: Guid(67767e8fa7e4a3245b1b387266289391) Importer(815301076,1909f56bfc062723c751e8b465ee728b)
Start importing Assets/Prefabs/Obsticals/Pillar-01.prefab using Guid(67767e8fa7e4a3245b1b387266289391) Importer(815301076,1909f56bfc062723c751e8b465ee728b)  -> (artifact id: '35d5149fac0263b89c760b9dbb42c839') in 0.004826 seconds 
  Import took 0.010452 seconds .

========================================================================
Received Import Request.
  Time since last request: 2.759335 seconds.
  path: Assets/Prefabs/Obsticals/Pillar-02.prefab
  artifactKey: Guid(0d91861e9b841f648a2052c35c8e4333) Importer(815301076,1909f56bfc062723c751e8b465ee728b)
Start importing Assets/Prefabs/Obsticals/Pillar-02.prefab using Guid(0d91861e9b841f648a2052c35c8e4333) Importer(815301076,1909f56bfc062723c751e8b465ee728b)  -> (artifact id: 'd6aee067957a47ac2c25113ff82cffcc') in 0.010599 seconds 
  Import took 0.016873 seconds .

========================================================================
Received Import Request.
  Time since last request: 0.012046 seconds.
  path: Assets/Prefabs/Obsticals/Pillar-02.prefab
  artifactKey: Guid(0d91861e9b841f648a2052c35c8e4333) Importer(815301076,1909f56bfc062723c751e8b465ee728b)
Start importing Assets/Prefabs/Obsticals/Pillar-02.prefab using Guid(0d91861e9b841f648a2052c35c8e4333) Importer(815301076,1909f56bfc062723c751e8b465ee728b)  -> (artifact id: 'd6aee067957a47ac2c25113ff82cffcc') in 0.005701 seconds 
  Import took 0.011738 seconds .

========================================================================
Received Import Request.
  Time since last request: 217.322286 seconds.
  path: Assets/Prefabs/Walls/Wall-1Side.prefab
  artifactKey: Guid(84a1eb3bec4bc1348b2d0e814a3fa805) Importer(815301076,1909f56bfc062723c751e8b465ee728b)
Start importing Assets/Prefabs/Walls/Wall-1Side.prefab using Guid(84a1eb3bec4bc1348b2d0e814a3fa805) Importer(815301076,1909f56bfc062723c751e8b465ee728b)  -> (artifact id: '41f7ce7513dda888dd40cedcf206d2d0') in 0.008867 seconds 
  Import took 0.014488 seconds .

========================================================================
Received Import Request.
  Time since last request: 0.000377 seconds.
  path: Assets/Prefabs/Walls/Wall-Doorway.prefab
  artifactKey: Guid(91c9d940e7e5d0c479b54542eada9b30) Importer(815301076,1909f56bfc062723c751e8b465ee728b)
Start importing Assets/Prefabs/Walls/Wall-Doorway.prefab using Guid(91c9d940e7e5d0c479b54542eada9b30) Importer(815301076,1909f56bfc062723c751e8b465ee728b)  -> (artifact id: '36e5208b3e803bbf0b1eca0a7b2f4efa') in 0.007354 seconds 
  Import took 0.013782 seconds .

========================================================================
Received Import Request.
  Time since last request: 0.000360 seconds.
  path: Assets/Prefabs/Walls/Wall-Corner.prefab
  artifactKey: Guid(f1e7c576d839edf4fbf27b8dce022ee1) Importer(815301076,1909f56bfc062723c751e8b465ee728b)
Start importing Assets/Prefabs/Walls/Wall-Corner.prefab using Guid(f1e7c576d839edf4fbf27b8dce022ee1) Importer(815301076,1909f56bfc062723c751e8b465ee728b)  -> (artifact id: '995d4c8aff7a6b073189b2e2b898b405') in 0.011122 seconds 
  Import took 0.018010 seconds .

========================================================================
Received Import Request.
  Time since last request: 9.403462 seconds.
  path: Assets/Prefabs/Walls/Walls-Deadend.prefab
  artifactKey: Guid(22f55f88da3cddf488662f581678a361) Importer(815301076,1909f56bfc062723c751e8b465ee728b)
Start importing Assets/Prefabs/Walls/Walls-Deadend.prefab using Guid(22f55f88da3cddf488662f581678a361) Importer(815301076,1909f56bfc062723c751e8b465ee728b)  -> (artifact id: '6617279b9e7b23b6986092531c8ecdaa') in 0.009719 seconds 
  Import took 0.015180 seconds .

========================================================================
Received Import Request.
  Time since last request: 0.012246 seconds.
  path: Assets/Prefabs/Walls/Walls-Deadend.prefab
  artifactKey: Guid(22f55f88da3cddf488662f581678a361) Importer(815301076,1909f56bfc062723c751e8b465ee728b)
Start importing Assets/Prefabs/Walls/Walls-Deadend.prefab using Guid(22f55f88da3cddf488662f581678a361) Importer(815301076,1909f56bfc062723c751e8b465ee728b)  -> (artifact id: '6617279b9e7b23b6986092531c8ecdaa') in 0.004929 seconds 
  Import took 0.010204 seconds .

========================================================================
Received Import Request.
  Time since last request: 483.683583 seconds.
  path: Assets/Prefabs/Floor/Floor-01.prefab
  artifactKey: Guid(26e41c33f06b38e44aa84f8231c73b24) Importer(815301076,1909f56bfc062723c751e8b465ee728b)
Start importing Assets/Prefabs/Floor/Floor-01.prefab using Guid(26e41c33f06b38e44aa84f8231c73b24) Importer(815301076,1909f56bfc062723c751e8b465ee728b)  -> (artifact id: '7852aaa66f74de681d17a6b9b01bc2f5') in 0.006009 seconds 
  Import took 0.013979 seconds .

========================================================================
Received Import Request.
  Time since last request: 71.552990 seconds.
  path: Assets/Prefabs/Floor/Ramp-01.prefab
  artifactKey: Guid(b450395e1bd404e4384273763dc6090e) Importer(815301076,1909f56bfc062723c751e8b465ee728b)
Start importing Assets/Prefabs/Floor/Ramp-01.prefab using Guid(b450395e1bd404e4384273763dc6090e) Importer(815301076,1909f56bfc062723c751e8b465ee728b)  -> (artifact id: 'd5482a2717879e4817693ac823e14be1') in 0.006718 seconds 
  Import took 0.013010 seconds .

========================================================================
Received Import Request.
  Time since last request: 473.226637 seconds.
  path: Assets/Prefabs/Floor/Ramp-02.prefab
  artifactKey: Guid(2a276a76c11784748bcd0f911f1d8860) Importer(815301076,1909f56bfc062723c751e8b465ee728b)
Start importing Assets/Prefabs/Floor/Ramp-02.prefab using Guid(2a276a76c11784748bcd0f911f1d8860) Importer(815301076,1909f56bfc062723c751e8b465ee728b)  -> (artifact id: '7d65c6f893c4d4c0a17afc6272d82fce') in 0.006621 seconds 
  Import took 0.014001 seconds .

========================================================================
Received Import Request.
  Time since last request: 130.598654 seconds.
  path: Assets/Prefabs/Obsticals/Pillar-01.prefab
  artifactKey: Guid(67767e8fa7e4a3245b1b387266289391) Importer(815301076,1909f56bfc062723c751e8b465ee728b)
Start importing Assets/Prefabs/Obsticals/Pillar-01.prefab using Guid(67767e8fa7e4a3245b1b387266289391) Importer(815301076,1909f56bfc062723c751e8b465ee728b)  -> (artifact id: '3a4cbf5b5acfce999d0839ec84cb91d8') in 0.005055 seconds 
  Import took 0.010800 seconds .

========================================================================
Received Import Request.
  Time since last request: 0.000391 seconds.
  path: Assets/Prefabs/Obsticals/Pillar-02.prefab
  artifactKey: Guid(0d91861e9b841f648a2052c35c8e4333) Importer(815301076,1909f56bfc062723c751e8b465ee728b)
Start importing Assets/Prefabs/Obsticals/Pillar-02.prefab using Guid(0d91861e9b841f648a2052c35c8e4333) Importer(815301076,1909f56bfc062723c751e8b465ee728b)  -> (artifact id: '79e917af2daba770ca1a5f195c2e3a70') in 0.007548 seconds 
  Import took 0.013024 seconds .

========================================================================
Received Import Request.
  Time since last request: 1824.164045 seconds.
  path: Assets/Prefabs/Floor/Ramp-03.prefab
  artifactKey: Guid(351dbe7214deb97439d994408b9087d6) Importer(815301076,1909f56bfc062723c751e8b465ee728b)
Start importing Assets/Prefabs/Floor/Ramp-03.prefab using Guid(351dbe7214deb97439d994408b9087d6) Importer(815301076,1909f56bfc062723c751e8b465ee728b)  -> (artifact id: '945901b0e47ab48c106eb1860aecdbb4') in 0.010302 seconds 
  Import took 0.017327 seconds .

========================================================================
Received Import Request.
  Time since last request: 471.504257 seconds.
  path: Assets/Prefabs/Walls/Wall-1Side 1.prefab
  artifactKey: Guid(41765ac0a4d346a4d993cf8a95389caf) Importer(815301076,1909f56bfc062723c751e8b465ee728b)
Start importing Assets/Prefabs/Walls/Wall-1Side 1.prefab using Guid(41765ac0a4d346a4d993cf8a95389caf) Importer(815301076,1909f56bfc062723c751e8b465ee728b)  -> (artifact id: '3f0caca0acdd9aa0f604678dae4d93e5') in 0.010361 seconds 
  Import took 0.016796 seconds .

========================================================================
Received Import Request.
  Time since last request: 0.007420 seconds.
  path: Assets/Prefabs/Walls/Wall-1Side 1.prefab
  artifactKey: Guid(41765ac0a4d346a4d993cf8a95389caf) Importer(815301076,1909f56bfc062723c751e8b465ee728b)
Start importing Assets/Prefabs/Walls/Wall-1Side 1.prefab using Guid(41765ac0a4d346a4d993cf8a95389caf) Importer(815301076,1909f56bfc062723c751e8b465ee728b)  -> (artifact id: '3f0caca0acdd9aa0f604678dae4d93e5') in 0.005630 seconds 
  Import took 0.011701 seconds .

========================================================================
Received Import Request.
  Time since last request: 633.401383 seconds.
  path: Assets/Prefabs/Floor/Ceiling-01.prefab
  artifactKey: Guid(bf32d2d64f9fc4a46802f4f2c103cbcd) Importer(815301076,1909f56bfc062723c751e8b465ee728b)
Start importing Assets/Prefabs/Floor/Ceiling-01.prefab using Guid(bf32d2d64f9fc4a46802f4f2c103cbcd) Importer(815301076,1909f56bfc062723c751e8b465ee728b)  -> (artifact id: '173d10ac588d190ca2ab096b4c1fb33d') in 0.009963 seconds 
  Import took 0.015906 seconds .

========================================================================
Received Import Request.
  Time since last request: 0.012242 seconds.
  path: Assets/Prefabs/Floor/Ceiling-01.prefab
  artifactKey: Guid(bf32d2d64f9fc4a46802f4f2c103cbcd) Importer(815301076,1909f56bfc062723c751e8b465ee728b)
Start importing Assets/Prefabs/Floor/Ceiling-01.prefab using Guid(bf32d2d64f9fc4a46802f4f2c103cbcd) Importer(815301076,1909f56bfc062723c751e8b465ee728b)  -> (artifact id: '173d10ac588d190ca2ab096b4c1fb33d') in 0.005465 seconds 
  Import took 0.011407 seconds .

========================================================================
Received Import Request.
  Time since last request: 801.115235 seconds.
  path: Assets/Prefabs/Floor/Ceiling-01.prefab
  artifactKey: Guid(bf32d2d64f9fc4a46802f4f2c103cbcd) Importer(815301076,1909f56bfc062723c751e8b465ee728b)
Start importing Assets/Prefabs/Floor/Ceiling-01.prefab using Guid(bf32d2d64f9fc4a46802f4f2c103cbcd) Importer(815301076,1909f56bfc062723c751e8b465ee728b)  -> (artifact id: '03bfb412ae3d37ce85c6741611fc6d83') in 0.005112 seconds 
  Import took 0.011188 seconds .

========================================================================
Received Import Request.
  Time since last request: 0.016538 seconds.
  path: Assets/Prefabs/Floor/Ceiling-01.prefab
  artifactKey: Guid(bf32d2d64f9fc4a46802f4f2c103cbcd) Importer(815301076,1909f56bfc062723c751e8b465ee728b)
Start importing Assets/Prefabs/Floor/Ceiling-01.prefab using Guid(bf32d2d64f9fc4a46802f4f2c103cbcd) Importer(815301076,1909f56bfc062723c751e8b465ee728b)  -> (artifact id: '03bfb412ae3d37ce85c6741611fc6d83') in 0.004882 seconds 
  Import took 0.010472 seconds .

AssetImportWorkerClient::OnTransportError - code=2 error=End of file
