Using pre-set license
Built from '2020.3/staging' branch; Version is '2020.3.18f1 (a7d1c678663c) revision 10998214'; Using compiler version '192528614'; Build Type 'Release'
OS: 'Windows 10 Home; OS build 19043.1288; Version 2009; 64bit' Language: 'en' Physical Memory: 8133 MB
BatchMode: 1, IsHumanControllingUs: 0, StartBugReporterOnCrash: 0, Is64bit: 1, IsPro: 0

COMMAND LINE ARGUMENTS:
E:\Unity\2020.3.18f1\Editor\Unity.exe
-adb2
-batchMode
-noUpm
-name
AssetImportWorker2
-projectPath
E:/GitHub/CSG-3813-01 Game Level Design/3DGame/Tang_3DGame
-logFile
Logs/AssetImportWorker2.log
-srvPort
1266
Successfully changed project path to: E:/GitHub/CSG-3813-01 Game Level Design/3DGame/Tang_3DGame
E:/GitHub/CSG-3813-01 Game Level Design/3DGame/Tang_3DGame
Using Asset Import Pipeline V2.
Refreshing native plugins compatible for Editor in 118.95 ms, found 2 plugins.
Preloading 0 native plugins for Editor in 0.00 ms.
Initialize engine version: 2020.3.18f1 (a7d1c678663c)
[Subsystems] Discovering subsystems at path E:/Unity/2020.3.18f1/Editor/Data/Resources/UnitySubsystems
[Subsystems] Discovering subsystems at path E:/GitHub/CSG-3813-01 Game Level Design/3DGame/Tang_3DGame/Assets
GfxDevice: creating device client; threaded=0
Direct3D:
    Version:  Direct3D 11.0 [level 11.1]
    Renderer: NVIDIA GeForce GTX 1050 Ti (ID=0x1c82)
    Vendor:   
    VRAM:     4018 MB
    Driver:   30.0.14.7212
Initialize mono
Mono path[0] = 'E:/Unity/2020.3.18f1/Editor/Data/Managed'
Mono path[1] = 'E:/Unity/2020.3.18f1/Editor/Data/MonoBleedingEdge/lib/mono/unityjit'
Mono config path = 'E:/Unity/2020.3.18f1/Editor/Data/MonoBleedingEdge/etc'
Using monoOptions --debugger-agent=transport=dt_socket,embedding=1,server=y,suspend=n,address=127.0.0.1:56460
Begin MonoManager ReloadAssembly
Registering precompiled unity dll's ...
Register platform support module: E:/Unity/2020.3.18f1/Editor/Data/PlaybackEngines/WebGLSupport/UnityEditor.WebGL.Extensions.dll
Register platform support module: E:/Unity/2020.3.18f1/Editor/Data/PlaybackEngines/WindowsStandaloneSupport/UnityEditor.WindowsStandalone.Extensions.dll
Registered in 0.001470 seconds.
Native extension for WindowsStandalone target not found
Native extension for WebGL target not found
Refreshing native plugins compatible for Editor in 104.74 ms, found 2 plugins.
Preloading 0 native plugins for Editor in 0.00 ms.
Mono: successfully reloaded assembly
- Completed reload, in  1.717 seconds
Domain Reload Profiling:
	ReloadAssembly (1717ms)
		BeginReloadAssembly (120ms)
			ExecutionOrderSort (0ms)
			DisableScriptedObjects (0ms)
			BackupInstance (0ms)
			ReleaseScriptingObjects (0ms)
			CreateAndSetChildDomain (1ms)
		EndReloadAssembly (757ms)
			LoadAssemblies (119ms)
			RebuildTransferFunctionScriptingTraits (0ms)
			SetupTypeCache (316ms)
			ReleaseScriptCaches (0ms)
			RebuildScriptCaches (43ms)
			SetupLoadedEditorAssemblies (298ms)
				LogAssemblyErrors (0ms)
				InitializePlatformSupportModulesInManaged (6ms)
				SetLoadedEditorAssemblies (0ms)
				RefreshPlugins (105ms)
				BeforeProcessingInitializeOnLoad (26ms)
				ProcessInitializeOnLoadAttributes (116ms)
				ProcessInitializeOnLoadMethodAttributes (45ms)
				AfterProcessingInitializeOnLoad (0ms)
				EditorAssembliesLoaded (0ms)
			ExecutionOrderSort2 (0ms)
			AwakeInstancesAfterBackupRestoration (0ms)
Platform modules already initialized, skipping
Registering precompiled user dll's ...
Registered in 0.005109 seconds.
Begin MonoManager ReloadAssembly
Native extension for WindowsStandalone target not found
Native extension for WebGL target not found
Refreshing native plugins compatible for Editor in 108.39 ms, found 2 plugins.
Preloading 0 native plugins for Editor in 0.00 ms.
Mono: successfully reloaded assembly
- Completed reload, in  3.410 seconds
Domain Reload Profiling:
	ReloadAssembly (3414ms)
		BeginReloadAssembly (229ms)
			ExecutionOrderSort (0ms)
			DisableScriptedObjects (6ms)
			BackupInstance (0ms)
			ReleaseScriptingObjects (0ms)
			CreateAndSetChildDomain (31ms)
		EndReloadAssembly (3096ms)
			LoadAssemblies (1427ms)
			RebuildTransferFunctionScriptingTraits (0ms)
			SetupTypeCache (679ms)
			ReleaseScriptCaches (1ms)
			RebuildScriptCaches (87ms)
			SetupLoadedEditorAssemblies (703ms)
				LogAssemblyErrors (0ms)
				InitializePlatformSupportModulesInManaged (5ms)
				SetLoadedEditorAssemblies (0ms)
				RefreshPlugins (108ms)
				BeforeProcessingInitializeOnLoad (135ms)
				ProcessInitializeOnLoadAttributes (431ms)
				ProcessInitializeOnLoadMethodAttributes (19ms)
				AfterProcessingInitializeOnLoad (4ms)
				EditorAssembliesLoaded (1ms)
			ExecutionOrderSort2 (0ms)
			AwakeInstancesAfterBackupRestoration (11ms)
Platform modules already initialized, skipping
========================================================================
Worker process is ready to serve import requests
Launched and connected shader compiler UnityShaderCompiler.exe after 0.28 seconds
Refreshing native plugins compatible for Editor in 2.71 ms, found 2 plugins.
Preloading 0 native plugins for Editor in 0.00 ms.
Unloading 3560 Unused Serialized files (Serialized files now loaded: 0)
System memory in use before: 159.6 MB.
System memory in use after: 159.8 MB.

Unloading 20 unused Assets to reduce memory usage. Loaded Objects now: 4008.
Total: 5.419600 ms (FindLiveObjects: 0.631400 ms CreateObjectMapping: 0.246000 ms MarkObjects: 4.211700 ms  DeleteObjects: 0.328200 ms)

AssetImportParameters requested are different than current active one (requested -> active):
  custom:framework-win-MediaFoundation: 216162199b28c13a410421893ffa2e32 -> 
  custom:video-decoder-ogg-theora: a1e56fd34408186e4bbccfd4996cb3dc -> 
  custom:container-muxer-webm: aa71ff27fc2769a1b78a27578f13a17b -> 
  custom:container-demuxer-webm: 4f35f7cbe854078d1ac9338744f61a02 -> 
  custom:container-demuxer-ogg: 62fdf1f143b41e24485cea50d1cbac27 -> 
  custom:video-encoder-webm-vp8: eb34c28f22e8b96e1ab97ce403110664 -> 
  custom:video-decoder-webm-vp8: 9c59270c3fd7afecdb556c50c9e8de78 -> 
  custom:audio-decoder-ogg-vorbis: bf7c407c2cedff20999df2af8eb42d56 -> 
  custom:audio-encoder-webm-vorbis: bf7c407c2cedff20999df2af8eb42d56 -> 
========================================================================
Received Import Request.
  path: Assets/Imported Assets/Particles/Mirza Beig/Particle Systems/Inferno VFX/Prefabs/Loop/pf_vfx-inf_psys_demo_loop_afterglow-add.prefab
  artifactKey: Guid(8638ab24b8ff98148883ff19564bc0ba) Importer(815301076,1909f56bfc062723c751e8b465ee728b)
Start importing Assets/Imported Assets/Particles/Mirza Beig/Particle Systems/Inferno VFX/Prefabs/Loop/pf_vfx-inf_psys_demo_loop_afterglow-add.prefab using Guid(8638ab24b8ff98148883ff19564bc0ba) Importer(815301076,1909f56bfc062723c751e8b465ee728b)  -> (artifact id: 'e4997cced42c0760f3f39d800f251cec') in 3.041606 seconds 
  Import took 3.167772 seconds .

========================================================================
Received Import Request.
  Time since last request: 0.000435 seconds.
  path: Assets/Imported Assets/Particles/Mirza Beig/Particle Systems/Inferno VFX/Prefabs/Loop/pf_vfx-inf_psys_demo_loop_plasma.prefab
  artifactKey: Guid(f9b579fccdc1a404980559960286a691) Importer(815301076,1909f56bfc062723c751e8b465ee728b)
Start importing Assets/Imported Assets/Particles/Mirza Beig/Particle Systems/Inferno VFX/Prefabs/Loop/pf_vfx-inf_psys_demo_loop_plasma.prefab using Guid(f9b579fccdc1a404980559960286a691) Importer(815301076,1909f56bfc062723c751e8b465ee728b)  -> (artifact id: 'ecf3dfc60a6c676765e8496d00a6ae7b') in 0.444057 seconds 
  Import took 0.605160 seconds .

========================================================================
Received Import Request.
  Time since last request: 0.000529 seconds.
  path: Assets/Imported Assets/Particles/Mirza Beig/Particle Systems/Inferno VFX/Prefabs/Loop/pf_vfx-inf_psys_demo_loop_campfire.prefab
  artifactKey: Guid(a1b77e391f429ff4a837ddb91813e57a) Importer(815301076,1909f56bfc062723c751e8b465ee728b)
Start importing Assets/Imported Assets/Particles/Mirza Beig/Particle Systems/Inferno VFX/Prefabs/Loop/pf_vfx-inf_psys_demo_loop_campfire.prefab using Guid(a1b77e391f429ff4a837ddb91813e57a) Importer(815301076,1909f56bfc062723c751e8b465ee728b)  -> (artifact id: 'a90ef181234e373ada6a82bbe56f31e3') in 0.993507 seconds 
  Import took 1.690812 seconds .

========================================================================
Received Import Request.
  Time since last request: 0.000368 seconds.
  path: Assets/Imported Assets/Particles/Mirza Beig/Particle Systems/Inferno VFX/Prefabs/Loop/pf_vfx-inf_psys_demo_loop_pyroclastic5.prefab
  artifactKey: Guid(f72067091192ad64caa3fce03583929c) Importer(815301076,1909f56bfc062723c751e8b465ee728b)
Start importing Assets/Imported Assets/Particles/Mirza Beig/Particle Systems/Inferno VFX/Prefabs/Loop/pf_vfx-inf_psys_demo_loop_pyroclastic5.prefab using Guid(f72067091192ad64caa3fce03583929c) Importer(815301076,1909f56bfc062723c751e8b465ee728b)  -> (artifact id: 'ea8aba24ac65fe4b4be0907253e4b9a9') in 4.116240 seconds 
  Import took 4.183019 seconds .

========================================================================
Received Import Request.
  Time since last request: 0.000469 seconds.
  path: Assets/Imported Assets/Particles/Mirza Beig/Particle Systems/Inferno VFX/Prefabs/Loop/pf_vfx-inf_psys_demo_loop_lightArena.prefab
  artifactKey: Guid(4ddbe82e4b4b5804dab35f2f8914a76d) Importer(815301076,1909f56bfc062723c751e8b465ee728b)
Start importing Assets/Imported Assets/Particles/Mirza Beig/Particle Systems/Inferno VFX/Prefabs/Loop/pf_vfx-inf_psys_demo_loop_lightArena.prefab using Guid(4ddbe82e4b4b5804dab35f2f8914a76d) Importer(815301076,1909f56bfc062723c751e8b465ee728b)  -> (artifact id: 'bd5c01785b437f7c46147c8e37fd19a8') in 0.723093 seconds 
  Import took 0.800797 seconds .

========================================================================
Received Import Request.
  Time since last request: 0.000594 seconds.
  path: Assets/Imported Assets/Particles/Mirza Beig/Particle Systems/Inferno VFX/Prefabs/Loop/pf_vfx-inf_psys_demo_loop_fire2.prefab
  artifactKey: Guid(ec3b1832db095be40bd5e19a60f13fbe) Importer(815301076,1909f56bfc062723c751e8b465ee728b)
Start importing Assets/Imported Assets/Particles/Mirza Beig/Particle Systems/Inferno VFX/Prefabs/Loop/pf_vfx-inf_psys_demo_loop_fire2.prefab using Guid(ec3b1832db095be40bd5e19a60f13fbe) Importer(815301076,1909f56bfc062723c751e8b465ee728b)  -> (artifact id: 'bd3451a5aa14b8a6bd8d3161159e7fc5') in 0.950510 seconds 
  Import took 1.032653 seconds .

========================================================================
Received Import Request.
  Time since last request: 0.000448 seconds.
  path: Assets/Imported Assets/Particles/Mirza Beig/Particle Systems/Inferno VFX/Prefabs/Loop/pf_vfx-inf_psys_demo_loop_afterglow.prefab
  artifactKey: Guid(ae91537edf47d13498977a9722e13875) Importer(815301076,1909f56bfc062723c751e8b465ee728b)
Start importing Assets/Imported Assets/Particles/Mirza Beig/Particle Systems/Inferno VFX/Prefabs/Loop/pf_vfx-inf_psys_demo_loop_afterglow.prefab using Guid(ae91537edf47d13498977a9722e13875) Importer(815301076,1909f56bfc062723c751e8b465ee728b)  -> (artifact id: '8bdc8b3a2e5df9086bc2652be419a762') in 0.059495 seconds 
  Import took 0.216118 seconds .

========================================================================
Received Import Request.
  Time since last request: 0.000363 seconds.
  path: Assets/Imported Assets/Particles/Mirza Beig/Particle Systems/Inferno VFX/Prefabs/Loop/pf_vfx-inf_psys_demo_loop_flameThrower2.prefab
  artifactKey: Guid(a7ca23c838d67a144b25263168c33353) Importer(815301076,1909f56bfc062723c751e8b465ee728b)
Start importing Assets/Imported Assets/Particles/Mirza Beig/Particle Systems/Inferno VFX/Prefabs/Loop/pf_vfx-inf_psys_demo_loop_flameThrower2.prefab using Guid(a7ca23c838d67a144b25263168c33353) Importer(815301076,1909f56bfc062723c751e8b465ee728b)  -> (artifact id: '747186573818e3243af8899787354623') in 0.063542 seconds 
  Import took 0.116131 seconds .

========================================================================
Received Import Request.
  Time since last request: 0.000309 seconds.
  path: Assets/Imported Assets/Particles/Mirza Beig/Particle Systems/Inferno VFX/Prefabs/Loop/pf_vfx-inf_psys_demo_loop_plasma2.prefab
  artifactKey: Guid(7b3d29e47c743cd4a8ab56b73cfe17bc) Importer(815301076,1909f56bfc062723c751e8b465ee728b)
Start importing Assets/Imported Assets/Particles/Mirza Beig/Particle Systems/Inferno VFX/Prefabs/Loop/pf_vfx-inf_psys_demo_loop_plasma2.prefab using Guid(7b3d29e47c743cd4a8ab56b73cfe17bc) Importer(815301076,1909f56bfc062723c751e8b465ee728b)  -> (artifact id: '628a5b8dd9d23b9ad133f100552d0fa7') in 0.110539 seconds 
  Import took 0.188559 seconds .

========================================================================
Received Import Request.
  Time since last request: 0.000424 seconds.
  path: Assets/Imported Assets/Particles/Mirza Beig/Particle Systems/Inferno VFX/Prefabs/Loop/pf_vfx-inf_psys_demo_loop_ultranova2.prefab
  artifactKey: Guid(68f76254f82149543b636dc9fb14c18a) Importer(815301076,1909f56bfc062723c751e8b465ee728b)
Start importing Assets/Imported Assets/Particles/Mirza Beig/Particle Systems/Inferno VFX/Prefabs/Loop/pf_vfx-inf_psys_demo_loop_ultranova2.prefab using Guid(68f76254f82149543b636dc9fb14c18a) Importer(815301076,1909f56bfc062723c751e8b465ee728b)  -> (artifact id: '74bdae455ee50a8a2a7319257b922f46') in 1.683378 seconds 
  Import took 1.702530 seconds .

========================================================================
Received Import Request.
  Time since last request: 0.000355 seconds.
  path: Assets/Imported Assets/Particles/Mirza Beig/Particle Systems/Inferno VFX/Prefabs/Loop/pf_vfx-inf_psys_demo_loop_volcanic.prefab
  artifactKey: Guid(4f7ce11c10ad2f34085ff44f724f1948) Importer(815301076,1909f56bfc062723c751e8b465ee728b)
Start importing Assets/Imported Assets/Particles/Mirza Beig/Particle Systems/Inferno VFX/Prefabs/Loop/pf_vfx-inf_psys_demo_loop_volcanic.prefab using Guid(4f7ce11c10ad2f34085ff44f724f1948) Importer(815301076,1909f56bfc062723c751e8b465ee728b)  -> (artifact id: '87298287125ff3f2b36a95a2cdfef15e') in 0.103009 seconds 
  Import took 0.160078 seconds .

========================================================================
Received Import Request.
  Time since last request: 0.000583 seconds.
  path: Assets/Imported Assets/Particles/Mirza Beig/Particle Systems/Inferno VFX/Prefabs/Loop/pf_vfx-inf_psys_demo_loop_vulcore.prefab
  artifactKey: Guid(e7ba69f5d6c00b441915500b411a4dac) Importer(815301076,1909f56bfc062723c751e8b465ee728b)
Start importing Assets/Imported Assets/Particles/Mirza Beig/Particle Systems/Inferno VFX/Prefabs/Loop/pf_vfx-inf_psys_demo_loop_vulcore.prefab using Guid(e7ba69f5d6c00b441915500b411a4dac) Importer(815301076,1909f56bfc062723c751e8b465ee728b)  -> (artifact id: '8e5e8d3279d6f2b406ee7abe3d9991fa') in 0.693720 seconds 
  Import took 0.969706 seconds .

========================================================================
Received Import Request.
  Time since last request: 0.000422 seconds.
  path: Assets/Imported Assets/Particles/Mirza Beig/Particle Systems/Inferno VFX/Prefabs/Loop/pf_vfx-inf_psys_demo_loop_fire6.prefab
  artifactKey: Guid(447497642ffec314b83b9af62620d6dc) Importer(815301076,1909f56bfc062723c751e8b465ee728b)
Start importing Assets/Imported Assets/Particles/Mirza Beig/Particle Systems/Inferno VFX/Prefabs/Loop/pf_vfx-inf_psys_demo_loop_fire6.prefab using Guid(447497642ffec314b83b9af62620d6dc) Importer(815301076,1909f56bfc062723c751e8b465ee728b)  -> (artifact id: 'cc3e6260324c14f74f4fbab53a4eb774') in 0.138319 seconds 
  Import took 0.212261 seconds .

========================================================================
Received Import Request.
  Time since last request: 0.000388 seconds.
  path: Assets/Imported Assets/Particles/Mirza Beig/Particle Systems/Inferno VFX/Prefabs/Loop/pf_vfx-inf_psys_demo_loop_smog.prefab
  artifactKey: Guid(653d53449a49f534e88913d2ecc1b622) Importer(815301076,1909f56bfc062723c751e8b465ee728b)
Start importing Assets/Imported Assets/Particles/Mirza Beig/Particle Systems/Inferno VFX/Prefabs/Loop/pf_vfx-inf_psys_demo_loop_smog.prefab using Guid(653d53449a49f534e88913d2ecc1b622) Importer(815301076,1909f56bfc062723c751e8b465ee728b)  -> (artifact id: 'cacac43dbabe7adf53e4a7b21b45ab80') in 0.068592 seconds 
  Import took 0.099480 seconds .

========================================================================
Received Import Request.
  Time since last request: 0.000264 seconds.
  path: Assets/Imported Assets/Particles/Mirza Beig/Particle Systems/Inferno VFX/Prefabs/Loop/pf_vfx-inf_psys_demo_loop_fire5.prefab
  artifactKey: Guid(35c76a112b254f14585b3b9fc5291371) Importer(815301076,1909f56bfc062723c751e8b465ee728b)
Start importing Assets/Imported Assets/Particles/Mirza Beig/Particle Systems/Inferno VFX/Prefabs/Loop/pf_vfx-inf_psys_demo_loop_fire5.prefab using Guid(35c76a112b254f14585b3b9fc5291371) Importer(815301076,1909f56bfc062723c751e8b465ee728b)  -> (artifact id: '98c249d5ec151b2f337324ca68d96193') in 0.096238 seconds 
  Import took 0.186715 seconds .

========================================================================
Received Import Request.
  Time since last request: 0.000337 seconds.
  path: Assets/Imported Assets/Particles/Mirza Beig/Particle Systems/Inferno VFX/Prefabs/Loop/pf_vfx-inf_psys_demo_loop_brimstone.prefab
  artifactKey: Guid(bacf84a880a37d340a329a084bc4da47) Importer(815301076,1909f56bfc062723c751e8b465ee728b)
Start importing Assets/Imported Assets/Particles/Mirza Beig/Particle Systems/Inferno VFX/Prefabs/Loop/pf_vfx-inf_psys_demo_loop_brimstone.prefab using Guid(bacf84a880a37d340a329a084bc4da47) Importer(815301076,1909f56bfc062723c751e8b465ee728b)  -> (artifact id: '3f963f5e9b2562e403b3bffb8a879287') in 0.138712 seconds 
  Import took 0.253617 seconds .

========================================================================
Received Import Request.
  Time since last request: 0.000303 seconds.
  path: Assets/Imported Assets/Particles/Mirza Beig/Particle Systems/Inferno VFX/Prefabs/Loop/pf_vfx-inf_psys_demo_loop_pyroclastic.prefab
  artifactKey: Guid(3bac54f7c29530744847780a5d47a6a7) Importer(815301076,1909f56bfc062723c751e8b465ee728b)
Start importing Assets/Imported Assets/Particles/Mirza Beig/Particle Systems/Inferno VFX/Prefabs/Loop/pf_vfx-inf_psys_demo_loop_pyroclastic.prefab using Guid(3bac54f7c29530744847780a5d47a6a7) Importer(815301076,1909f56bfc062723c751e8b465ee728b)  -> (artifact id: 'b77943f87d2ca62b47c76698616fc8f7') in 0.188751 seconds 
  Import took 0.226342 seconds .

========================================================================
Received Import Request.
  Time since last request: 0.000265 seconds.
  path: Assets/Imported Assets/Particles/Mirza Beig/Particle Systems/Inferno VFX/Prefabs/Loop/pf_vfx-inf_psys_demo_loop_lavaField.prefab
  artifactKey: Guid(44b2fcc235ca79b4aa173e904446a1b3) Importer(815301076,1909f56bfc062723c751e8b465ee728b)
Start importing Assets/Imported Assets/Particles/Mirza Beig/Particle Systems/Inferno VFX/Prefabs/Loop/pf_vfx-inf_psys_demo_loop_lavaField.prefab using Guid(44b2fcc235ca79b4aa173e904446a1b3) Importer(815301076,1909f56bfc062723c751e8b465ee728b)  -> (artifact id: 'cef42f0ed8233d79c73d2f9378e99bb9') in 0.671188 seconds 
  Import took 0.730381 seconds .

========================================================================
Received Import Request.
  Time since last request: 0.000377 seconds.
  path: Assets/Imported Assets/Particles/Mirza Beig/Particle Systems/Inferno VFX/Prefabs/Loop/pf_vfx-inf_psys_demo_loop_darkness.prefab
  artifactKey: Guid(1f23c0c7f24bae34aaff1d4e8ca15264) Importer(815301076,1909f56bfc062723c751e8b465ee728b)
Start importing Assets/Imported Assets/Particles/Mirza Beig/Particle Systems/Inferno VFX/Prefabs/Loop/pf_vfx-inf_psys_demo_loop_darkness.prefab using Guid(1f23c0c7f24bae34aaff1d4e8ca15264) Importer(815301076,1909f56bfc062723c751e8b465ee728b)  -> (artifact id: '32ed10ebdfc2b4310d7cd12c14075863') in 0.353928 seconds 
  Import took 0.514888 seconds .

========================================================================
Received Import Request.
  Time since last request: 0.000284 seconds.
  path: Assets/Imported Assets/Particles/Mirza Beig/Particle Systems/Inferno VFX/Prefabs/Loop/pf_vfx-inf_psys_demo_loop_hurricane.prefab
  artifactKey: Guid(10eec583e8e6e6149b51b3a3780ab1dc) Importer(815301076,1909f56bfc062723c751e8b465ee728b)
Start importing Assets/Imported Assets/Particles/Mirza Beig/Particle Systems/Inferno VFX/Prefabs/Loop/pf_vfx-inf_psys_demo_loop_hurricane.prefab using Guid(10eec583e8e6e6149b51b3a3780ab1dc) Importer(815301076,1909f56bfc062723c751e8b465ee728b)  -> (artifact id: '9222b9d2db01a92ec00b97ec67ba19ee') in 0.108826 seconds 
  Import took 0.435569 seconds .

========================================================================
Received Import Request.
  Time since last request: 0.000289 seconds.
  path: Assets/Imported Assets/Particles/Mirza Beig/Particle Systems/Inferno VFX/Prefabs/Loop/pf_vfx-inf_psys_demo_loop_magma.prefab
  artifactKey: Guid(112d1c300f463414c8c495db4546b57d) Importer(815301076,1909f56bfc062723c751e8b465ee728b)
Start importing Assets/Imported Assets/Particles/Mirza Beig/Particle Systems/Inferno VFX/Prefabs/Loop/pf_vfx-inf_psys_demo_loop_magma.prefab using Guid(112d1c300f463414c8c495db4546b57d) Importer(815301076,1909f56bfc062723c751e8b465ee728b)  -> (artifact id: '2fc3ed92e09e7077b4238b1217045210') in 0.181613 seconds 
  Import took 0.937563 seconds .

========================================================================
Received Import Request.
  Time since last request: 0.000316 seconds.
  path: Assets/Imported Assets/Particles/Mirza Beig/Particle Systems/Inferno VFX/Prefabs/Loop/pf_vfx-inf_psys_demo_loop_magma2.prefab
  artifactKey: Guid(65da0168d27867b4ea0bfd7cf2a63a14) Importer(815301076,1909f56bfc062723c751e8b465ee728b)
Start importing Assets/Imported Assets/Particles/Mirza Beig/Particle Systems/Inferno VFX/Prefabs/Loop/pf_vfx-inf_psys_demo_loop_magma2.prefab using Guid(65da0168d27867b4ea0bfd7cf2a63a14) Importer(815301076,1909f56bfc062723c751e8b465ee728b)  -> (artifact id: 'bdb0e5d68cb6b8f3c4036b98f3d17bb5') in 0.139571 seconds 
  Import took 0.215745 seconds .

========================================================================
Received Import Request.
  Time since last request: 0.000373 seconds.
  path: Assets/Imported Assets/Particles/Mirza Beig/Particle Systems/Inferno VFX/Prefabs/Loop/pf_vfx-inf_psys_demo_loop_embryo.prefab
  artifactKey: Guid(cb000036283a7b240807d4a9fa989069) Importer(815301076,1909f56bfc062723c751e8b465ee728b)
Start importing Assets/Imported Assets/Particles/Mirza Beig/Particle Systems/Inferno VFX/Prefabs/Loop/pf_vfx-inf_psys_demo_loop_embryo.prefab using Guid(cb000036283a7b240807d4a9fa989069) Importer(815301076,1909f56bfc062723c751e8b465ee728b)  -> (artifact id: 'fe27c6b7bcbfc5a7f145e96a2bbaf731') in 0.181629 seconds 
  Import took 0.245050 seconds .

========================================================================
Received Import Request.
  Time since last request: 0.000339 seconds.
  path: Assets/Imported Assets/Particles/Mirza Beig/Particle Systems/Inferno VFX/Prefabs/Loop/pf_vfx-inf_psys_demo_loop_firestorm.prefab
  artifactKey: Guid(1dfba9366c5195f4487c0a2a35c36ed3) Importer(815301076,1909f56bfc062723c751e8b465ee728b)
Start importing Assets/Imported Assets/Particles/Mirza Beig/Particle Systems/Inferno VFX/Prefabs/Loop/pf_vfx-inf_psys_demo_loop_firestorm.prefab using Guid(1dfba9366c5195f4487c0a2a35c36ed3) Importer(815301076,1909f56bfc062723c751e8b465ee728b)  -> (artifact id: 'a7fcd6e8f5b16b2c7cec19a99180b20b') in 0.135659 seconds 
  Import took 0.193382 seconds .

========================================================================
Received Import Request.
  Time since last request: 0.000331 seconds.
  path: Assets/Imported Assets/Particles/Mirza Beig/Particle Systems/Inferno VFX/Prefabs/Loop/pf_vfx-inf_psys_demo_loop_summon.prefab
  artifactKey: Guid(2c3a83cc92802a44eb5031d2271e391d) Importer(815301076,1909f56bfc062723c751e8b465ee728b)
Start importing Assets/Imported Assets/Particles/Mirza Beig/Particle Systems/Inferno VFX/Prefabs/Loop/pf_vfx-inf_psys_demo_loop_summon.prefab using Guid(2c3a83cc92802a44eb5031d2271e391d) Importer(815301076,1909f56bfc062723c751e8b465ee728b)  -> (artifact id: 'd65060d7c3a9cd9d7a57ae6d0f05ab1a') in 1.265196 seconds 
  Import took 1.556747 seconds .

========================================================================
Received Import Request.
  Time since last request: 0.000385 seconds.
  path: Assets/Imported Assets/Particles/Mirza Beig/Particle Systems/Inferno VFX/Prefabs/Loop/pf_vfx-inf_psys_demo_loop_flameThrower.prefab
  artifactKey: Guid(0bb13cc303ac86348ae819a2d91aacb0) Importer(815301076,1909f56bfc062723c751e8b465ee728b)
Start importing Assets/Imported Assets/Particles/Mirza Beig/Particle Systems/Inferno VFX/Prefabs/Loop/pf_vfx-inf_psys_demo_loop_flameThrower.prefab using Guid(0bb13cc303ac86348ae819a2d91aacb0) Importer(815301076,1909f56bfc062723c751e8b465ee728b)  -> (artifact id: '77e70a107f32424f22d79e793f2098ca') in 0.550028 seconds 
  Import took 0.977091 seconds .

========================================================================
Received Import Request.
  Time since last request: 0.000452 seconds.
  path: Assets/Imported Assets/Particles/Mirza Beig/Particle Systems/Inferno VFX/Prefabs/Loop/pf_vfx-inf_psys_demo_loop_ultranova.prefab
  artifactKey: Guid(d9c045979c6cf424c9d9c8c5247343c5) Importer(815301076,1909f56bfc062723c751e8b465ee728b)
Start importing Assets/Imported Assets/Particles/Mirza Beig/Particle Systems/Inferno VFX/Prefabs/Loop/pf_vfx-inf_psys_demo_loop_ultranova.prefab using Guid(d9c045979c6cf424c9d9c8c5247343c5) Importer(815301076,1909f56bfc062723c751e8b465ee728b)  -> (artifact id: 'a84afb791b1afb90360dc63d0bf1d374') in 2.212826 seconds 
  Import took 2.676105 seconds .

========================================================================
Received Import Request.
  Time since last request: 0.000390 seconds.
  path: Assets/Imported Assets/Particles/Mirza Beig/Particle Systems/Inferno VFX/Prefabs/Loop/pf_vfx-inf_psys_demo_loop_fire7.prefab
  artifactKey: Guid(858b6cd01f7bbef4d9c0584a3baadf50) Importer(815301076,1909f56bfc062723c751e8b465ee728b)
Start importing Assets/Imported Assets/Particles/Mirza Beig/Particle Systems/Inferno VFX/Prefabs/Loop/pf_vfx-inf_psys_demo_loop_fire7.prefab using Guid(858b6cd01f7bbef4d9c0584a3baadf50) Importer(815301076,1909f56bfc062723c751e8b465ee728b)  -> (artifact id: '555f3ba518b1c80123257bfcb7dbfb25') in 0.211723 seconds 
  Import took 0.307840 seconds .

========================================================================
Received Import Request.
  Time since last request: 27.691813 seconds.
  path: Assets/Imported Assets/StarterAssets/Readme.asset
  artifactKey: Guid(4181bfe715a83e843b7538d750dc57cc) Importer(815301076,1909f56bfc062723c751e8b465ee728b)
Start importing Assets/Imported Assets/StarterAssets/Readme.asset using Guid(4181bfe715a83e843b7538d750dc57cc) Importer(815301076,1909f56bfc062723c751e8b465ee728b)  -> (artifact id: 'a0915b8349ee501013f904ef72e20e45') in 0.074550 seconds 
  Import took 0.106302 seconds .

========================================================================
Received Prepare
Refreshing native plugins compatible for Editor in 410.21 ms, found 2 plugins.
Preloading 0 native plugins for Editor in 0.00 ms.
Unloading 10 Unused Serialized files (Serialized files now loaded: 0)
System memory in use before: 87.4 MB.
System memory in use after: 87.7 MB.

Unloading 10 unused Assets to reduce memory usage. Loaded Objects now: 4085.
Total: 11.948400 ms (FindLiveObjects: 0.342600 ms CreateObjectMapping: 0.196800 ms MarkObjects: 11.370800 ms  DeleteObjects: 0.036600 ms)

AssetImportParameters requested are different than current active one (requested -> active):
  custom:framework-win-MediaFoundation: 216162199b28c13a410421893ffa2e32 -> 
  custom:video-decoder-ogg-theora: a1e56fd34408186e4bbccfd4996cb3dc -> 
  custom:container-muxer-webm: aa71ff27fc2769a1b78a27578f13a17b -> 
  custom:container-demuxer-webm: 4f35f7cbe854078d1ac9338744f61a02 -> 
  custom:container-demuxer-ogg: 62fdf1f143b41e24485cea50d1cbac27 -> 
  custom:video-encoder-webm-vp8: eb34c28f22e8b96e1ab97ce403110664 -> 
  custom:video-decoder-webm-vp8: 9c59270c3fd7afecdb556c50c9e8de78 -> 
  custom:audio-decoder-ogg-vorbis: bf7c407c2cedff20999df2af8eb42d56 -> 
  custom:audio-encoder-webm-vorbis: bf7c407c2cedff20999df2af8eb42d56 -> 
AssetImportWorkerClient::OnTransportError - code=2 error=End of file
